2025-09-07 23:56:39,381 - INFO - 🎭 运行演示模式...
2025-09-07 23:56:39,384 - INFO - 开始生成演示数据...
2025-09-07 23:56:39,394 - INFO - 生成 10 个第一步演示数据
2025-09-07 23:56:39,398 - INFO - 生成 10 个第二步演示数据
2025-09-07 23:56:39,417 - INFO - 第一步演示数据已保存到 step1_homepage_games.json
2025-09-07 23:56:39,487 - INFO - 第二步演示数据已保存到 step2_detailed_games.json
2025-09-07 23:56:39,591 - INFO - 合并演示数据已保存到 merged_demo_data.json
2025-09-07 23:56:39,709 - INFO - ✅ 演示数据生成完成！
2025-09-07 23:56:39,767 - INFO - 测试数据集成...
2025-09-07 23:56:39,768 - INFO - 开始数据集成流程...
2025-09-07 23:56:39,816 - INFO - 成功加载第一步数据: 10 个游戏
2025-09-07 23:56:39,873 - INFO - 成功加载第二步数据: 10 个游戏
2025-09-07 23:56:39,893 - INFO - 成功合并数据: 10 个游戏
2025-09-07 23:56:39,899 - INFO - 成功加载Home.tsx文件
2025-09-07 23:56:39,930 - INFO - 已创建备份文件: ..\src\pages\Home.tsx.backup
2025-09-07 23:56:39,970 - WARNING - 未找到games数组，尝试其他方法
2025-09-07 23:56:39,972 - INFO - 成功插入games数组
2025-09-07 23:56:39,983 - INFO - 成功保存Home.tsx文件
2025-09-07 23:56:40,004 - INFO - ✅ 数据集成完成！
2025-09-07 23:56:40,015 - INFO - ✅ 演示模式运行成功！
2025-09-08 00:00:09,382 - INFO - 🧪 开始测试真实爬取...
2025-09-08 00:00:09,383 - INFO - 开始爬取主页，目标游戏数量: 5
2025-09-08 00:00:15,083 - INFO - 已保存调试HTML到 debug_homepage.html
2025-09-08 00:00:15,385 - INFO - 使用选择器 'a[href*="/game/"]' 找到 36 个游戏链接
2025-09-08 00:00:15,428 - INFO - 成功提取游戏 1: Grow A Garden - Growden.io
2025-09-08 00:00:16,507 - INFO - 成功提取游戏 2: Idle Transport Tycoon
2025-09-08 00:00:17,628 - INFO - 成功提取游戏 3: Truck Hit Hero: Isekai Arena
2025-09-08 00:00:18,647 - INFO - 成功提取游戏 4: Mad GunS - Battle Royale
2025-09-08 00:00:19,573 - INFO - 成功提取游戏 5: MR RACER Stunt Mania
2025-09-08 00:00:20,811 - INFO - 主页爬取完成，共获取 5 个游戏
2025-09-08 00:00:20,811 - INFO - ✅ 成功爬取 5 个游戏
2025-09-08 00:00:20,825 - INFO - 
游戏 1:
2025-09-08 00:00:20,825 - INFO -   标题: Grow A Garden - Growden.io
2025-09-08 00:00:20,826 - INFO -   URL: https://www.crazygames.com/game/grow-a-garden---growden-io
2025-09-08 00:00:20,826 - INFO -   分类: Other
2025-09-08 00:00:20,827 - INFO -   图片: https://imgs.crazygames.com/grow-a-garden---growden-io_16x9/20250902110117/grow-a-garden---growden-io_16x9-cover?metadata=none&quality=85&width=273&fit=crop
2025-09-08 00:00:20,828 - INFO -   ✅ 图片URL有效: https://imgs.crazygames.com/grow-a-garden---growden-io_16x9/20250902110117/grow-a-garden---growden-io_16x9-cover?metadata=none&quality=85&width=273&fit=crop
2025-09-08 00:00:20,830 - INFO - 
游戏 2:
2025-09-08 00:00:20,830 - INFO -   标题: Idle Transport Tycoon
2025-09-08 00:00:20,831 - INFO -   URL: https://www.crazygames.com/game/idle-transport-tycoon-eqf
2025-09-08 00:00:20,832 - INFO -   分类: Other
2025-09-08 00:00:20,833 - INFO -   图片: https://imgs.crazygames.com/idle-transport-tycoon-eqf_16x9/20250829043556/idle-transport-tycoon-eqf_16x9-cover?metadata=none&quality=85&width=273&fit=crop
2025-09-08 00:00:20,834 - INFO -   ✅ 图片URL有效: https://imgs.crazygames.com/idle-transport-tycoon-eqf_16x9/20250829043556/idle-transport-tycoon-eqf_16x9-cover?metadata=none&quality=85&width=273&fit=crop
2025-09-08 00:00:20,836 - INFO - 
游戏 3:
2025-09-08 00:00:20,837 - INFO -   标题: Truck Hit Hero: Isekai Arena
2025-09-08 00:00:20,838 - INFO -   URL: https://www.crazygames.com/game/truck-hit-hero-isekai-arena
2025-09-08 00:00:20,839 - INFO -   分类: Other
2025-09-08 00:00:20,840 - INFO -   图片: https://imgs.crazygames.com/truck-hit-hero-isekai-arena_16x9/20250828051212/truck-hit-hero-isekai-arena_16x9-cover?metadata=none&quality=85&width=273&fit=crop
2025-09-08 00:00:20,845 - INFO -   ✅ 图片URL有效: https://imgs.crazygames.com/truck-hit-hero-isekai-arena_16x9/20250828051212/truck-hit-hero-isekai-arena_16x9-cover?metadata=none&quality=85&width=273&fit=crop
2025-09-08 00:00:20,847 - INFO - 
游戏 4:
2025-09-08 00:00:20,848 - INFO -   标题: Mad GunS - Battle Royale
2025-09-08 00:00:20,849 - INFO -   URL: https://www.crazygames.com/game/mad-guns---battle-royale-ndd
2025-09-08 00:00:20,850 - INFO -   分类: Other
2025-09-08 00:00:20,851 - INFO -   图片: https://imgs.crazygames.com/mad-guns---battle-royale-ndd_16x9/20250901024035/mad-guns---battle-royale-ndd_16x9-cover?metadata=none&quality=85&width=273&fit=crop
2025-09-08 00:00:20,852 - INFO -   ✅ 图片URL有效: https://imgs.crazygames.com/mad-guns---battle-royale-ndd_16x9/20250901024035/mad-guns---battle-royale-ndd_16x9-cover?metadata=none&quality=85&width=273&fit=crop
2025-09-08 00:00:20,853 - INFO - 
游戏 5:
2025-09-08 00:00:20,854 - INFO -   标题: MR RACER Stunt Mania
2025-09-08 00:00:20,855 - INFO -   URL: https://www.crazygames.com/game/mr-racer-stunt-mania
2025-09-08 00:00:20,856 - INFO -   分类: Other
2025-09-08 00:00:20,856 - INFO -   图片: https://imgs.crazygames.com/mr-racer-stunt-mania_16x9/20250820054755/mr-racer-stunt-mania_16x9-cover?metadata=none&quality=85&width=273&fit=crop
2025-09-08 00:00:20,858 - INFO -   ✅ 图片URL有效: https://imgs.crazygames.com/mr-racer-stunt-mania_16x9/20250820054755/mr-racer-stunt-mania_16x9-cover?metadata=none&quality=85&width=273&fit=crop
2025-09-08 00:00:20,866 - INFO - 数据已保存到 test_real_games.json
2025-09-08 00:00:20,944 - INFO - 📁 测试结果已保存到 test_real_games.json
2025-09-08 00:00:40,731 - INFO - 🚀 运行真实爬虫模式...
2025-09-08 00:00:40,733 - INFO - 第一步：爬取主页游戏信息...
2025-09-08 00:00:40,734 - INFO - 开始爬取主页，目标游戏数量: 10
2025-09-08 00:00:46,952 - INFO - 已保存调试HTML到 debug_homepage.html
2025-09-08 00:00:47,745 - INFO - 使用选择器 'a[href*="/game/"]' 找到 36 个游戏链接
2025-09-08 00:00:47,947 - INFO - 成功提取游戏 1: Grow A Garden - Growden.io
2025-09-08 00:00:49,172 - INFO - 成功提取游戏 2: Idle Transport Tycoon
2025-09-08 00:00:50,062 - INFO - 成功提取游戏 3: Truck Hit Hero: Isekai Arena
2025-09-08 00:00:51,018 - INFO - 成功提取游戏 4: Mad GunS - Battle Royale
2025-09-08 00:00:51,763 - INFO - 成功提取游戏 5: MR RACER Stunt Mania
2025-09-08 00:00:53,198 - INFO - 成功提取游戏 6: Noob Digger: Pro Drill Miner
2025-09-08 00:00:53,986 - INFO - 成功提取游戏 7: Heroes of the Arena
2025-09-08 00:00:54,792 - INFO - 成功提取游戏 8: Sweety Ludo
2025-09-08 00:00:55,809 - INFO - 成功提取游戏 9: Simply Prop Hunt
2025-09-08 00:00:56,423 - INFO - 成功提取游戏 10: Space Waves
2025-09-08 00:00:57,490 - INFO - 主页爬取完成，共获取 10 个游戏
2025-09-08 00:00:57,496 - INFO - 数据已保存到 step1_homepage_games.json
2025-09-08 00:00:57,506 - INFO - ✅ 第一步完成：获取 10 个游戏
2025-09-08 00:00:57,509 - INFO - 第二步：爬取游戏详细信息...
2025-09-08 00:00:57,509 - INFO - 开始爬取 10 个游戏的详细信息
2025-09-08 00:01:07,709 - INFO - ✅ 成功爬取: Idle Transport Tycoon
2025-09-08 00:01:07,765 - INFO - ✅ 成功爬取: Mad GunS - Battle Royale
2025-09-08 00:01:07,871 - INFO - ✅ 成功爬取: MR RACER Stunt Mania
2025-09-08 00:01:08,341 - INFO - ✅ 成功爬取: Truck Hit Hero: Isekai Arena
2025-09-08 00:01:08,973 - INFO - ✅ 成功爬取: Grow A Garden - Growden.io
2025-09-08 00:01:11,214 - INFO - ✅ 成功爬取: Heroes of the Arena
2025-09-08 00:01:11,302 - INFO - ✅ 成功爬取: Sweety Ludo
2025-09-08 00:01:12,358 - INFO - ✅ 成功爬取: Noob Digger: Pro Drill Miner
2025-09-08 00:01:12,643 - INFO - ✅ 成功爬取: Simply Prop Hunt
2025-09-08 00:01:13,036 - INFO - ✅ 成功爬取: Space Waves
2025-09-08 00:01:13,038 - INFO - 详情页爬取完成，共获取 10 个游戏的详细信息
2025-09-08 00:01:13,041 - INFO - 详细数据已保存到 step2_detailed_games.json
2025-09-08 00:01:13,046 - INFO - ✅ 第二步完成：获取 10 个游戏的详细信息
2025-09-08 00:01:13,051 - INFO - 第三步：数据集成到Home.tsx...
2025-09-08 00:01:13,064 - INFO - 开始数据集成流程...
2025-09-08 00:01:13,110 - INFO - 成功加载第一步数据: 10 个游戏
2025-09-08 00:01:13,385 - INFO - 成功加载第二步数据: 10 个游戏
2025-09-08 00:01:13,421 - INFO - 成功合并数据: 10 个游戏
2025-09-08 00:01:13,503 - INFO - 成功加载Home.tsx文件
2025-09-08 00:01:13,539 - INFO - 已创建备份文件: ..\src\pages\Home.tsx.backup
2025-09-08 00:01:13,644 - INFO - 成功更新games数组
2025-09-08 00:01:13,759 - INFO - 成功保存Home.tsx文件
2025-09-08 00:01:13,865 - INFO - ✅ 数据集成完成！
2025-09-08 00:01:13,963 - INFO - ✅ 第三步完成：数据集成成功
2025-09-08 00:14:06,625 - INFO - 🚀 运行真实爬虫模式...
2025-09-08 00:14:06,715 - INFO - 第一步：爬取主页游戏信息...
2025-09-08 00:14:06,827 - INFO - 开始爬取主页，目标游戏数量: 5
2025-09-08 00:14:09,065 - INFO - 已保存调试HTML到 debug_homepage.html
2025-09-08 00:14:09,335 - INFO - 使用选择器 'a[href*="/game/"]' 找到 36 个游戏链接
2025-09-08 00:14:09,389 - INFO - 成功提取游戏 1: Grow A Garden - Growden.io
2025-09-08 00:14:10,046 - INFO - 成功提取游戏 2: Idle Transport Tycoon
2025-09-08 00:14:11,452 - INFO - 成功提取游戏 3: Truck Hit Hero: Isekai Arena
2025-09-08 00:14:12,221 - INFO - 成功提取游戏 4: Mad GunS - Battle Royale
2025-09-08 00:14:13,072 - INFO - 成功提取游戏 5: MR RACER Stunt Mania
2025-09-08 00:14:14,574 - INFO - 主页爬取完成，共获取 5 个游戏
2025-09-08 00:14:14,578 - INFO - 数据已保存到 step1_homepage_games.json
2025-09-08 00:14:14,600 - INFO - ✅ 第一步完成：获取 5 个游戏
2025-09-08 00:14:14,605 - INFO - 第二步：爬取游戏详细信息...
2025-09-08 00:14:14,616 - INFO - 开始爬取 5 个游戏的详细信息
2025-09-08 00:14:18,221 - INFO - ✅ 成功爬取: Mad GunS - Battle Royale
2025-09-08 00:14:21,383 - INFO - ✅ 成功爬取: Grow A Garden - Growden.io
2025-09-08 00:14:21,813 - INFO - ✅ 成功爬取: Idle Transport Tycoon
2025-09-08 00:14:22,251 - INFO - ✅ 成功爬取: MR RACER Stunt Mania
2025-09-08 00:14:22,283 - INFO - ✅ 成功爬取: Truck Hit Hero: Isekai Arena
2025-09-08 00:14:22,286 - INFO - 详情页爬取完成，共获取 5 个游戏的详细信息
2025-09-08 00:14:22,291 - INFO - 详细数据已保存到 step2_detailed_games.json
2025-09-08 00:14:22,391 - INFO - ✅ 第二步完成：获取 5 个游戏的详细信息
2025-09-08 00:14:22,396 - INFO - 第三步：数据集成到Home.tsx...
2025-09-08 00:14:22,406 - INFO - 开始数据集成流程...
2025-09-08 00:14:22,508 - INFO - 成功加载第一步数据: 5 个游戏
2025-09-08 00:14:22,719 - INFO - 成功加载第二步数据: 5 个游戏
2025-09-08 00:14:22,725 - INFO - 成功合并数据: 5 个游戏
2025-09-08 00:14:22,728 - INFO - 成功加载Home.tsx文件
2025-09-08 00:14:22,736 - INFO - 已创建备份文件: ..\src\pages\Home.tsx.backup
2025-09-08 00:14:22,816 - INFO - 成功更新games数组
2025-09-08 00:14:22,839 - INFO - 成功保存Home.tsx文件
2025-09-08 00:14:22,853 - INFO - ✅ 数据集成完成！
2025-09-08 00:14:23,054 - INFO - ✅ 第三步完成：数据集成成功
2025-09-08 00:24:01,205 - INFO - 🚀 运行真实爬虫模式...
2025-09-08 00:24:01,206 - INFO - 第一步：爬取主页游戏信息...
2025-09-08 00:24:01,206 - INFO - 开始爬取主页，目标游戏数量: 15
2025-09-08 00:24:02,030 - INFO - 已保存调试HTML到 debug_homepage.html
2025-09-08 00:24:02,227 - INFO - 使用选择器 'a[href*="/game/"]' 找到 36 个游戏链接
2025-09-08 00:24:02,229 - INFO - 成功提取游戏 1: Grow A Garden - Growden.io
2025-09-08 00:24:03,115 - INFO - 成功提取游戏 2: Idle Transport Tycoon
2025-09-08 00:24:03,686 - INFO - 成功提取游戏 3: Truck Hit Hero: Isekai Arena
2025-09-08 00:24:04,852 - INFO - 成功提取游戏 4: Mad GunS - Battle Royale
2025-09-08 00:24:05,754 - INFO - 成功提取游戏 5: MR RACER Stunt Mania
2025-09-08 00:24:07,211 - INFO - 成功提取游戏 6: Noob Digger: Pro Drill Miner
2025-09-08 00:24:07,937 - INFO - 成功提取游戏 7: Heroes of the Arena
2025-09-08 00:24:08,644 - INFO - 成功提取游戏 8: Sweety Ludo
2025-09-08 00:24:09,501 - INFO - 成功提取游戏 9: Simply Prop Hunt
2025-09-08 00:24:11,053 - INFO - 成功提取游戏 10: Space Waves
2025-09-08 00:24:11,717 - INFO - 成功提取游戏 11: Bit Gun.io
2025-09-08 00:24:12,358 - INFO - 成功提取游戏 12: EvoWars.io
2025-09-08 00:24:13,445 - INFO - 成功提取游戏 13: Escape From Prison Multiplayer
2025-09-08 00:24:14,139 - INFO - 成功提取游戏 14: Holey.io Battle Royale
2025-09-08 00:24:15,145 - INFO - 成功提取游戏 15: Escape From Pizzeria
2025-09-08 00:24:16,405 - INFO - 主页爬取完成，共获取 15 个游戏
2025-09-08 00:24:16,410 - INFO - 数据已保存到 step1_homepage_games.json
2025-09-08 00:24:16,427 - INFO - ✅ 第一步完成：获取 15 个游戏
2025-09-08 00:24:16,428 - INFO - 第二步：爬取游戏详细信息...
2025-09-08 00:24:16,429 - INFO - 开始爬取 15 个游戏的详细信息
2025-09-08 00:24:19,497 - INFO - ✅ 成功爬取: Truck Hit Hero: Isekai Arena
2025-09-08 00:24:20,519 - INFO - ✅ 成功爬取: Mad GunS - Battle Royale
2025-09-08 00:24:21,552 - INFO - ✅ 成功爬取: Grow A Garden - Growden.io
2025-09-08 00:24:21,878 - INFO - ✅ 成功爬取: MR RACER Stunt Mania
2025-09-08 00:24:21,916 - INFO - ✅ 成功爬取: Idle Transport Tycoon
2025-09-08 00:24:23,270 - INFO - ✅ 成功爬取: Noob Digger: Pro Drill Miner
2025-09-08 00:24:24,236 - INFO - ✅ 成功爬取: Heroes of the Arena
2025-09-08 00:24:24,952 - INFO - ✅ 成功爬取: Simply Prop Hunt
2025-09-08 00:24:25,263 - INFO - ✅ 成功爬取: Space Waves
2025-09-08 00:24:25,974 - INFO - ✅ 成功爬取: Sweety Ludo
2025-09-08 00:24:28,258 - INFO - ✅ 成功爬取: EvoWars.io
2025-09-08 00:24:28,280 - INFO - ✅ 成功爬取: Bit Gun.io
2025-09-08 00:24:30,212 - INFO - ✅ 成功爬取: Holey.io Battle Royale
2025-09-08 00:24:30,486 - INFO - ✅ 成功爬取: Escape From Pizzeria
2025-09-08 00:24:30,770 - INFO - ✅ 成功爬取: Escape From Prison Multiplayer
2025-09-08 00:24:30,828 - INFO - 详情页爬取完成，共获取 15 个游戏的详细信息
2025-09-08 00:24:30,839 - INFO - 详细数据已保存到 step2_detailed_games.json
2025-09-08 00:24:30,905 - INFO - ✅ 第二步完成：获取 15 个游戏的详细信息
2025-09-08 00:24:31,073 - INFO - 第三步：数据集成到Home.tsx...
2025-09-08 00:24:31,079 - INFO - 开始数据集成流程...
2025-09-08 00:24:31,216 - INFO - 成功加载第一步数据: 15 个游戏
2025-09-08 00:24:31,401 - INFO - 成功加载第二步数据: 15 个游戏
2025-09-08 00:24:31,490 - INFO - 成功合并数据: 15 个游戏
2025-09-08 00:24:31,844 - INFO - 成功加载Home.tsx文件
2025-09-08 00:24:32,100 - INFO - 已创建备份文件: ..\src\pages\Home.tsx.backup
2025-09-08 00:24:32,294 - WARNING - 未找到games数组，尝试其他方法
2025-09-08 00:24:32,586 - INFO - 成功插入games数组
2025-09-08 00:24:32,704 - INFO - 成功保存Home.tsx文件
2025-09-08 00:24:32,811 - INFO - ✅ 数据集成完成！
2025-09-08 00:24:32,880 - INFO - ✅ 第三步完成：数据集成成功
2025-09-08 00:39:04,042 - INFO - 🚀 运行真实爬虫模式...
2025-09-08 00:39:04,042 - INFO - 第一步：爬取主页游戏信息...
2025-09-08 00:39:04,043 - INFO - 开始爬取主页，目标游戏数量: 10
2025-09-08 00:39:04,744 - INFO - 已保存调试HTML到 debug_homepage.html
2025-09-08 00:39:05,101 - INFO - 使用选择器 'a[href*="/game/"]' 找到 36 个游戏链接
2025-09-08 00:39:05,181 - INFO - 成功提取游戏 1: Grow A Garden - Growden.io
2025-09-08 00:39:05,871 - INFO - 成功提取游戏 2: Idle Transport Tycoon
2025-09-08 00:39:06,537 - INFO - 成功提取游戏 3: Truck Hit Hero: Isekai Arena
2025-09-08 00:39:07,390 - INFO - 成功提取游戏 4: Mad GunS - Battle Royale
2025-09-08 00:39:08,236 - INFO - 成功提取游戏 5: MR RACER Stunt Mania
2025-09-08 00:39:09,237 - INFO - 成功提取游戏 6: Noob Digger: Pro Drill Miner
2025-09-08 00:39:10,282 - INFO - 成功提取游戏 7: Heroes of the Arena
2025-09-08 00:39:11,166 - INFO - 成功提取游戏 8: Sweety Ludo
2025-09-08 00:39:11,930 - INFO - 成功提取游戏 9: Simply Prop Hunt
2025-09-08 00:39:13,244 - INFO - 成功提取游戏 10: Space Waves
2025-09-08 00:39:13,968 - INFO - 主页爬取完成，共获取 10 个游戏
2025-09-08 00:39:14,020 - INFO - 数据已保存到 step1_homepage_games.json
2025-09-08 00:39:14,119 - INFO - ✅ 第一步完成：获取 10 个游戏
2025-09-08 00:39:14,159 - INFO - 第二步：爬取游戏详细信息...
2025-09-08 00:39:14,162 - INFO - 开始爬取 10 个游戏的详细信息
2025-09-08 00:39:23,795 - INFO - ✅ 成功爬取: Mad GunS - Battle Royale
2025-09-08 00:39:25,822 - INFO - ✅ 成功爬取: MR RACER Stunt Mania
2025-09-08 00:39:25,939 - INFO - ✅ 成功爬取: Grow A Garden - Growden.io
2025-09-08 00:39:26,397 - INFO - ✅ 成功爬取: Idle Transport Tycoon
2025-09-08 00:39:28,558 - INFO - ✅ 成功爬取: Truck Hit Hero: Isekai Arena
2025-09-08 00:39:31,167 - INFO - ✅ 成功爬取: Noob Digger: Pro Drill Miner
2025-09-08 00:39:32,037 - INFO - ✅ 成功爬取: Sweety Ludo
2025-09-08 00:39:32,108 - INFO - ✅ 成功爬取: Heroes of the Arena
2025-09-08 00:39:32,473 - INFO - ✅ 成功爬取: Simply Prop Hunt
2025-09-08 00:39:32,914 - INFO - ✅ 成功爬取: Space Waves
2025-09-08 00:39:32,923 - INFO - 详情页爬取完成，共获取 10 个游戏的详细信息
2025-09-08 00:39:32,926 - INFO - 详细数据已保存到 step2_detailed_games.json
2025-09-08 00:39:32,930 - INFO - ✅ 第二步完成：获取 10 个游戏的详细信息
2025-09-08 00:39:33,024 - INFO - 第三步：数据集成到Home.tsx...
2025-09-08 00:39:33,053 - INFO - 开始数据集成流程...
2025-09-08 00:39:33,176 - INFO - 成功加载第一步数据: 10 个游戏
2025-09-08 00:39:33,306 - INFO - 成功加载第二步数据: 10 个游戏
2025-09-08 00:39:33,311 - INFO - 成功合并数据: 10 个游戏
2025-09-08 00:39:33,313 - INFO - 成功加载Home.tsx文件
2025-09-08 00:39:33,334 - INFO - 已创建备份文件: ..\src\pages\Home.tsx.backup
2025-09-08 00:39:33,349 - WARNING - 未找到games数组，尝试其他方法
2025-09-08 00:39:33,356 - INFO - 成功插入games数组
2025-09-08 00:39:33,365 - INFO - 成功保存Home.tsx文件
2025-09-08 00:39:33,439 - INFO - ✅ 数据集成完成！
2025-09-08 00:39:33,463 - INFO - ✅ 第三步完成：数据集成成功
2025-09-08 09:46:44,158 - INFO - 🚀 运行真实爬虫模式...
2025-09-08 09:46:44,234 - INFO - 第一步：爬取主页游戏信息...
2025-09-08 09:46:44,308 - INFO - 开始爬取主页，目标游戏数量: 15
2025-09-08 09:46:45,873 - INFO - 已保存调试HTML到 debug_homepage.html
2025-09-08 09:46:46,154 - INFO - 使用选择器 'a[href*="/game/"]' 找到 36 个游戏链接
2025-09-08 09:46:46,178 - INFO - 成功提取游戏 1: Grow A Garden - Growden.io
2025-09-08 09:46:47,103 - INFO - 成功提取游戏 2: Idle Transport Tycoon
2025-09-08 09:46:47,974 - INFO - 成功提取游戏 3: Truck Hit Hero: Isekai Arena
2025-09-08 09:46:48,885 - INFO - 成功提取游戏 4: Mad GunS - Battle Royale
2025-09-08 09:46:50,630 - INFO - 成功提取游戏 5: MR RACER Stunt Mania
2025-09-08 09:46:52,088 - INFO - 成功提取游戏 6: Noob Digger: Pro Drill Miner
2025-09-08 09:46:52,858 - INFO - 成功提取游戏 7: Heroes of the Arena
2025-09-08 09:46:53,755 - INFO - 成功提取游戏 8: Sweety Ludo
2025-09-08 09:46:54,853 - INFO - 成功提取游戏 9: Simply Prop Hunt
2025-09-08 09:46:56,139 - INFO - 成功提取游戏 10: Space Waves
2025-09-08 09:46:57,341 - INFO - 成功提取游戏 11: Bit Gun.io
2025-09-08 09:46:58,355 - INFO - 成功提取游戏 12: EvoWars.io
2025-09-08 09:46:59,129 - INFO - 成功提取游戏 13: Escape From Prison Multiplayer
2025-09-08 09:46:59,803 - INFO - 成功提取游戏 14: Holey.io Battle Royale
2025-09-08 09:47:00,342 - INFO - 成功提取游戏 15: Escape From Pizzeria
2025-09-08 09:47:01,658 - INFO - 主页爬取完成，共获取 15 个游戏
2025-09-08 09:47:01,662 - INFO - 数据已保存到 step1_homepage_games.json
2025-09-08 09:47:01,675 - INFO - ✅ 第一步完成：获取 15 个游戏
2025-09-08 09:47:01,676 - INFO - 第二步：爬取游戏详细信息...
2025-09-08 09:47:01,711 - INFO - 开始爬取 15 个游戏的详细信息
2025-09-08 09:47:04,237 - INFO - ✅ 成功爬取: Idle Transport Tycoon
2025-09-08 09:47:07,230 - INFO - ✅ 成功爬取: Grow A Garden - Growden.io
2025-09-08 09:47:07,655 - INFO - ✅ 成功爬取: Mad GunS - Battle Royale
2025-09-08 09:47:08,269 - INFO - ✅ 成功爬取: MR RACER Stunt Mania
2025-09-08 09:47:08,398 - INFO - ✅ 成功爬取: Truck Hit Hero: Isekai Arena
2025-09-08 09:47:08,993 - INFO - ✅ 成功爬取: Noob Digger: Pro Drill Miner
2025-09-08 09:47:10,186 - INFO - ✅ 成功爬取: Sweety Ludo
2025-09-08 09:47:10,477 - INFO - ✅ 成功爬取: Heroes of the Arena
2025-09-08 09:47:12,186 - INFO - ✅ 成功爬取: Bit Gun.io
2025-09-08 09:47:12,973 - INFO - ✅ 成功爬取: Space Waves
2025-09-08 09:47:13,875 - INFO - ✅ 成功爬取: EvoWars.io
2025-09-08 09:47:13,907 - INFO - ✅ 成功爬取: Simply Prop Hunt
2025-09-08 09:47:14,336 - INFO - ✅ 成功爬取: Escape From Prison Multiplayer
2025-09-08 09:47:15,239 - INFO - ✅ 成功爬取: Holey.io Battle Royale
2025-09-08 09:47:16,015 - INFO - ✅ 成功爬取: Escape From Pizzeria
2025-09-08 09:47:16,018 - INFO - 详情页爬取完成，共获取 15 个游戏的详细信息
2025-09-08 09:47:16,031 - INFO - 详细数据已保存到 step2_detailed_games.json
2025-09-08 09:47:16,151 - INFO - ✅ 第二步完成：获取 15 个游戏的详细信息
2025-09-08 09:47:16,162 - INFO - 第三步：数据集成到Home.tsx...
2025-09-08 09:47:16,168 - INFO - 开始数据集成流程...
2025-09-08 09:47:16,281 - INFO - 成功加载第一步数据: 15 个游戏
2025-09-08 09:47:16,319 - INFO - 成功加载第二步数据: 15 个游戏
2025-09-08 09:47:16,329 - INFO - 成功合并数据: 15 个游戏
2025-09-08 09:47:16,331 - INFO - 成功加载Home.tsx文件
2025-09-08 09:47:16,334 - INFO - 已创建备份文件: ..\src\pages\Home.tsx.backup
2025-09-08 09:47:16,427 - WARNING - 未找到games数组，尝试其他方法
2025-09-08 09:47:16,436 - INFO - 成功插入games数组
2025-09-08 09:47:16,442 - INFO - 成功保存Home.tsx文件
2025-09-08 09:47:16,452 - INFO - ✅ 数据集成完成！
2025-09-08 09:47:16,454 - INFO - ✅ 第三步完成：数据集成成功
2025-09-08 09:48:11,715 - INFO - 🚀 直接更新Home.tsx...
2025-09-08 09:48:11,716 - INFO - 开始使用爬虫数据更新Home.tsx...
2025-09-08 09:48:11,717 - INFO - 成功加载爬虫数据: 15 个游戏
2025-09-08 09:48:11,731 - INFO - 成功转换 15 个游戏到Home.tsx格式
2025-09-08 09:48:11,742 - INFO - 成功加载Home.tsx文件
2025-09-08 09:48:11,750 - INFO - 已创建备份文件: ..\src\pages\Home.tsx.backup
2025-09-08 09:48:11,801 - INFO - 成功更新games数组
2025-09-08 09:48:11,850 - INFO - 成功保存Home.tsx文件
2025-09-08 09:48:11,918 - INFO - ✅ Home.tsx更新完成！
2025-09-08 09:48:11,922 - INFO - 📊 更新了 15 个游戏
2025-09-08 09:48:11,923 - INFO - ✅ Home.tsx直接更新完成
2025-09-08 14:49:35,368 - INFO - 🚀 运行真实爬虫模式...
2025-09-08 14:49:35,368 - INFO - 第一步：爬取主页游戏信息...
2025-09-08 14:49:35,369 - INFO - 开始爬取主页，目标游戏数量: 5
2025-09-08 14:49:36,099 - INFO - 已保存调试HTML到 debug_homepage.html
2025-09-08 14:49:36,276 - INFO - 使用选择器 'a[href*="/game/"]' 找到 36 个游戏链接
2025-09-08 14:49:36,279 - INFO - 成功提取游戏 1: Grow A Garden - Growden.io
2025-09-08 14:49:37,222 - INFO - 成功提取游戏 2: Idle Transport Tycoon
2025-09-08 14:49:38,089 - INFO - 成功提取游戏 3: Truck Hit Hero: Isekai Arena
2025-09-08 14:49:38,936 - INFO - 成功提取游戏 4: Mad GunS - Battle Royale
2025-09-08 14:49:40,220 - INFO - 成功提取游戏 5: MR RACER Stunt Mania
2025-09-08 14:49:41,078 - INFO - 主页爬取完成，共获取 5 个游戏
2025-09-08 14:49:41,083 - INFO - 数据已保存到 step1_homepage_games.json
2025-09-08 14:49:41,124 - INFO - ✅ 第一步完成：获取 5 个游戏
2025-09-08 14:49:41,147 - INFO - 第二步：爬取游戏详细信息...
2025-09-08 14:49:41,165 - INFO - 开始爬取 5 个游戏的详细信息
2025-09-08 14:49:43,439 - INFO - ✅ 成功爬取: MR RACER Stunt Mania
2025-09-08 14:49:44,232 - INFO - ✅ 成功爬取: Truck Hit Hero: Isekai Arena
2025-09-08 14:49:45,139 - INFO - ✅ 成功爬取: Mad GunS - Battle Royale
2025-09-08 14:49:45,294 - INFO - ✅ 成功爬取: Idle Transport Tycoon
2025-09-08 14:49:45,574 - INFO - ✅ 成功爬取: Grow A Garden - Growden.io
2025-09-08 14:49:45,575 - INFO - 详情页爬取完成，共获取 5 个游戏的详细信息
2025-09-08 14:49:45,578 - INFO - 详细数据已保存到 step2_detailed_games.json
2025-09-08 14:49:45,588 - INFO - ✅ 第二步完成：获取 5 个游戏的详细信息
2025-09-08 14:49:45,592 - INFO - 第三步：数据集成到Home.tsx...
2025-09-08 14:49:45,596 - INFO - 开始数据集成流程...
2025-09-08 14:49:45,666 - INFO - 成功加载第一步数据: 5 个游戏
2025-09-08 14:49:45,733 - INFO - 成功加载第二步数据: 5 个游戏
2025-09-08 14:49:45,737 - INFO - 成功合并数据: 5 个游戏
2025-09-08 14:49:45,781 - INFO - 成功加载Home.tsx文件
2025-09-08 14:49:45,843 - INFO - 已创建备份文件: ..\src\pages\Home.tsx.backup
2025-09-08 14:49:45,906 - WARNING - 未找到games数组，尝试其他方法
2025-09-08 14:49:45,911 - INFO - 成功插入games数组
2025-09-08 14:49:46,023 - INFO - 成功保存Home.tsx文件
2025-09-08 14:49:46,083 - INFO - ✅ 数据集成完成！
2025-09-08 14:49:46,150 - INFO - ✅ 第三步完成：数据集成成功
2025-09-08 14:53:49,591 - INFO - 🚀 直接更新Home.tsx...
2025-09-08 14:53:49,723 - INFO - 开始使用爬虫数据更新Home.tsx...
2025-09-08 14:53:49,926 - INFO - 成功加载爬虫数据: 15 个游戏
2025-09-08 14:53:50,131 - INFO - 成功转换 15 个游戏到Home.tsx格式
2025-09-08 14:53:50,276 - INFO - 成功加载Home.tsx文件
2025-09-08 14:53:50,491 - INFO - 已创建备份文件: ..\src\pages\Home.tsx.backup
2025-09-08 14:53:50,746 - INFO - 成功更新games数组
2025-09-08 14:53:51,014 - INFO - 成功保存Home.tsx文件
2025-09-08 14:53:51,132 - INFO - ✅ Home.tsx更新完成！
2025-09-08 14:53:51,172 - INFO - 📊 更新了 15 个游戏
2025-09-08 14:53:51,294 - INFO - ✅ Home.tsx直接更新完成
2025-09-08 15:03:47,069 - INFO - 🚀 直接更新Home.tsx...
2025-09-08 15:03:47,070 - INFO - 开始使用爬虫数据更新Home.tsx（改进版）...
2025-09-08 15:03:47,073 - INFO - 成功加载爬虫数据: 15 个游戏
2025-09-08 15:03:47,097 - INFO - 成功转换 15 个游戏到Home.tsx格式
2025-09-08 15:03:47,200 - INFO - 成功加载Home.tsx文件
2025-09-08 15:03:47,318 - INFO - 已创建备份文件: ..\src\pages\Home.tsx.backup
2025-09-08 15:03:47,423 - INFO - 已清理现有的games数组声明
2025-09-08 15:03:47,587 - INFO - 成功更新games数组（改进版）
2025-09-08 15:03:47,628 - ERROR - 括号不匹配: 开括号 101, 闭括号 104
2025-09-08 15:03:47,654 - ERROR - 内容验证失败，使用备份恢复
2025-09-08 15:03:47,668 - ERROR - ❌ Home.tsx直接更新失败
2025-09-08 15:04:39,888 - INFO - 🚀 直接更新Home.tsx...
2025-09-08 15:04:39,890 - INFO - 开始使用爬虫数据更新Home.tsx（改进版）...
2025-09-08 15:04:39,925 - INFO - 成功加载爬虫数据: 15 个游戏
2025-09-08 15:04:39,938 - INFO - 成功转换 15 个游戏到Home.tsx格式
2025-09-08 15:04:39,943 - INFO - 成功加载Home.tsx文件
2025-09-08 15:04:39,955 - INFO - 已创建备份文件: ..\src\pages\Home.tsx.backup
2025-09-08 15:04:40,152 - INFO - 已清理现有的games数组声明
2025-09-08 15:04:40,213 - INFO - 成功更新games数组（改进版）
2025-09-08 15:04:40,218 - WARNING - 括号不匹配: 开括号 101, 闭括号 104
2025-09-08 15:04:40,220 - INFO - 内容验证通过
2025-09-08 15:04:40,225 - INFO - 成功保存Home.tsx文件
2025-09-08 15:04:40,340 - INFO - ✅ Home.tsx更新完成（改进版）！
2025-09-08 15:04:40,425 - INFO - 📊 更新了 15 个游戏
2025-09-08 15:04:40,476 - INFO - ✅ Home.tsx直接更新完成
2025-09-08 15:10:49,610 - INFO - 🚀 运行真实爬虫模式...
2025-09-08 15:10:49,614 - INFO - 第一步：爬取主页游戏信息...
2025-09-08 15:10:49,621 - INFO - 开始爬取主页，目标游戏数量: 5
2025-09-08 15:10:50,412 - INFO - 已保存调试HTML到 debug_homepage.html
2025-09-08 15:10:50,617 - INFO - 使用选择器 'a[href*="/game/"]' 找到 36 个游戏链接
2025-09-08 15:10:50,634 - INFO - 成功提取游戏 1: Grow A Garden - Growden.io
2025-09-08 15:10:52,047 - INFO - 成功提取游戏 2: Idle Transport Tycoon
2025-09-08 15:10:53,446 - INFO - 成功提取游戏 3: Truck Hit Hero: Isekai Arena
2025-09-08 15:10:54,720 - INFO - 成功提取游戏 4: Mad GunS - Battle Royale
2025-09-08 15:10:55,256 - INFO - 成功提取游戏 5: MR RACER Stunt Mania
2025-09-08 15:10:55,857 - INFO - 主页爬取完成，共获取 5 个游戏
2025-09-08 15:10:55,934 - INFO - 数据已保存到 step1_homepage_games.json
2025-09-08 15:10:55,977 - INFO - ✅ 第一步完成：获取 5 个游戏
2025-09-08 15:10:56,048 - INFO - 第二步：爬取游戏详细信息...
2025-09-08 15:10:56,135 - INFO - 开始爬取 5 个游戏的详细信息
2025-09-08 15:10:59,382 - INFO - ✅ 成功爬取: Idle Transport Tycoon
2025-09-08 15:11:00,274 - INFO - ✅ 成功爬取: Truck Hit Hero: Isekai Arena
2025-09-08 15:11:00,719 - INFO - ✅ 成功爬取: Mad GunS - Battle Royale
2025-09-08 15:11:01,164 - INFO - ✅ 成功爬取: Grow A Garden - Growden.io
2025-09-08 15:11:01,193 - INFO - ✅ 成功爬取: MR RACER Stunt Mania
2025-09-08 15:11:01,194 - INFO - 详情页爬取完成，共获取 5 个游戏的详细信息
2025-09-08 15:11:01,199 - INFO - 详细数据已保存到 step2_detailed_games.json
2025-09-08 15:11:01,219 - INFO - ✅ 第二步完成：获取 5 个游戏的详细信息
2025-09-08 15:11:01,297 - INFO - 第三步：数据集成到Home.tsx...
2025-09-08 15:11:01,321 - INFO - 开始数据集成流程...
2025-09-08 15:11:01,465 - INFO - 成功加载第一步数据: 5 个游戏
2025-09-08 15:11:01,519 - INFO - 成功加载第二步数据: 5 个游戏
2025-09-08 15:11:01,579 - INFO - 成功合并数据: 5 个游戏
2025-09-08 15:11:01,651 - INFO - 成功加载Home.tsx文件
2025-09-08 15:11:01,702 - INFO - 已创建备份文件: ..\src\pages\Home.tsx.backup
2025-09-08 15:11:01,761 - WARNING - 未找到games数组，尝试其他方法
2025-09-08 15:11:01,783 - INFO - 成功插入games数组
2025-09-08 15:11:01,897 - INFO - 成功保存Home.tsx文件
2025-09-08 15:11:01,952 - INFO - ✅ 数据集成完成！
2025-09-08 15:11:01,977 - INFO - ✅ 第三步完成：数据集成成功
2025-09-08 15:11:36,719 - INFO - 🚀 直接更新Home.tsx...
2025-09-08 15:11:36,720 - INFO - 开始使用爬虫数据更新Home.tsx（改进版）...
2025-09-08 15:11:36,722 - INFO - 成功加载爬虫数据: 15 个游戏
2025-09-08 15:11:36,723 - INFO - 成功转换 15 个游戏到Home.tsx格式
2025-09-08 15:11:36,726 - INFO - 成功加载Home.tsx文件
2025-09-08 15:11:36,729 - INFO - 已创建备份文件: ..\src\pages\Home.tsx.backup
2025-09-08 15:11:36,734 - INFO - 已清理现有的games数组声明
2025-09-08 15:11:36,766 - INFO - 成功更新games数组（改进版）
2025-09-08 15:11:36,794 - WARNING - 括号不匹配: 开括号 101, 闭括号 104
2025-09-08 15:11:36,796 - INFO - 内容验证通过
2025-09-08 15:11:36,802 - INFO - 成功保存Home.tsx文件
2025-09-08 15:11:36,811 - INFO - ✅ Home.tsx更新完成（改进版）！
2025-09-08 15:11:36,813 - INFO - 📊 更新了 15 个游戏
2025-09-08 15:11:36,814 - INFO - ✅ Home.tsx直接更新完成
2025-09-08 15:42:40,709 - INFO - 🚀 运行真实爬虫模式...
2025-09-08 15:42:40,711 - INFO - 第一步：爬取主页游戏信息...
2025-09-08 15:42:40,712 - INFO - 开始爬取主页，目标游戏数量: 6
2025-09-08 15:42:41,525 - INFO - 已保存调试HTML到 debug_homepage.html
2025-09-08 15:42:41,740 - INFO - 使用选择器 'a[href*="/game/"]' 找到 36 个游戏链接
2025-09-08 15:42:41,757 - INFO - 成功提取游戏 1: Grow A Garden - Growden.io
2025-09-08 15:42:42,441 - INFO - 成功提取游戏 2: Idle Transport Tycoon
2025-09-08 15:42:43,909 - INFO - 成功提取游戏 3: Truck Hit Hero: Isekai Arena
2025-09-08 15:42:44,968 - INFO - 成功提取游戏 4: Mad GunS - Battle Royale
2025-09-08 15:42:45,972 - INFO - 成功提取游戏 5: MR RACER Stunt Mania
2025-09-08 15:42:47,273 - INFO - 成功提取游戏 6: Noob Digger: Pro Drill Miner
2025-09-08 15:42:48,541 - INFO - 主页爬取完成，共获取 6 个游戏
2025-09-08 15:42:48,544 - INFO - 数据已保存到 step1_homepage_games.json
2025-09-08 15:42:48,546 - INFO - ✅ 第一步完成：获取 6 个游戏
2025-09-08 15:42:48,600 - INFO - 第二步：爬取游戏详细信息...
2025-09-08 15:42:48,605 - INFO - 开始爬取 6 个游戏的详细信息
2025-09-08 15:42:50,673 - INFO - ✅ 成功爬取: Idle Transport Tycoon
2025-09-08 15:42:51,581 - INFO - ✅ 成功爬取: Truck Hit Hero: Isekai Arena
2025-09-08 15:42:53,087 - INFO - ✅ 成功爬取: Mad GunS - Battle Royale
2025-09-08 15:42:53,213 - INFO - ✅ 成功爬取: MR RACER Stunt Mania
2025-09-08 15:42:53,734 - INFO - ✅ 成功爬取: Grow A Garden - Growden.io
2025-09-08 15:42:54,056 - INFO - ✅ 成功爬取: Noob Digger: Pro Drill Miner
2025-09-08 15:42:54,058 - INFO - 详情页爬取完成，共获取 6 个游戏的详细信息
2025-09-08 15:42:54,064 - INFO - 详细数据已保存到 step2_detailed_games.json
2025-09-08 15:42:54,119 - INFO - ✅ 第二步完成：获取 6 个游戏的详细信息
2025-09-08 15:42:54,204 - INFO - 第三步：数据集成到Home.tsx...
2025-09-08 15:42:54,264 - INFO - 开始数据集成流程...
2025-09-08 15:42:54,401 - INFO - 成功加载第一步数据: 6 个游戏
2025-09-08 15:42:54,540 - INFO - 成功加载第二步数据: 6 个游戏
2025-09-08 15:42:54,594 - INFO - 成功合并数据: 6 个游戏
2025-09-08 15:42:54,617 - INFO - 成功加载Home.tsx文件
2025-09-08 15:42:54,671 - INFO - 已创建备份文件: ..\src\pages\Home.tsx.backup
2025-09-08 15:42:54,794 - WARNING - 未找到games数组，尝试其他方法
2025-09-08 15:42:54,856 - INFO - 成功插入games数组
2025-09-08 15:42:54,970 - INFO - 成功保存Home.tsx文件
2025-09-08 15:42:55,224 - INFO - ✅ 数据集成完成！
2025-09-08 15:42:55,448 - INFO - ✅ 第三步完成：数据集成成功
2025-09-08 15:57:07,804 - INFO - 🚀 运行真实爬虫模式...
2025-09-08 15:57:07,806 - INFO - 第一步：爬取主页游戏信息...
2025-09-08 15:57:07,806 - INFO - 开始爬取主页，目标游戏数量: 15
2025-09-08 15:57:08,890 - INFO - 已保存调试HTML到 debug_homepage.html
2025-09-08 15:57:09,098 - INFO - 使用选择器 'a[href*="/game/"]' 找到 36 个游戏链接
2025-09-08 15:57:09,099 - INFO - 成功提取游戏 1: Grow A Garden - Growden.io
2025-09-08 15:57:10,072 - INFO - 成功提取游戏 2: Idle Transport Tycoon
2025-09-08 15:57:11,298 - INFO - 成功提取游戏 3: Truck Hit Hero: Isekai Arena
2025-09-08 15:57:12,784 - INFO - 成功提取游戏 4: Mad GunS - Battle Royale
2025-09-08 15:57:14,353 - INFO - 成功提取游戏 5: MR RACER Stunt Mania
2025-09-08 15:57:15,424 - INFO - 成功提取游戏 6: Noob Digger: Pro Drill Miner
2025-09-08 15:57:16,239 - INFO - 成功提取游戏 7: Heroes of the Arena
2025-09-08 15:57:17,741 - INFO - 成功提取游戏 8: Sweety Ludo
2025-09-08 15:57:19,219 - INFO - 成功提取游戏 9: Simply Prop Hunt
2025-09-08 15:57:20,166 - INFO - 成功提取游戏 10: Space Waves
2025-09-08 15:57:21,154 - INFO - 成功提取游戏 11: Bit Gun.io
2025-09-08 15:57:22,476 - INFO - 成功提取游戏 12: EvoWars.io
2025-09-08 15:57:24,030 - INFO - 成功提取游戏 13: Escape From Prison Multiplayer
2025-09-08 15:57:25,178 - INFO - 成功提取游戏 14: Holey.io Battle Royale
2025-09-08 15:57:26,237 - INFO - 成功提取游戏 15: Escape From Pizzeria
2025-09-08 15:57:27,230 - INFO - 主页爬取完成，共获取 15 个游戏
2025-09-08 15:57:27,237 - INFO - 数据已保存到 step1_homepage_games.json
2025-09-08 15:57:27,291 - INFO - ✅ 第一步完成：获取 15 个游戏
2025-09-08 15:57:27,297 - INFO - 第二步：爬取游戏详细信息...
2025-09-08 15:57:27,311 - INFO - 开始爬取 15 个游戏的详细信息
2025-09-08 15:57:29,884 - INFO - ✅ 成功爬取: Grow A Garden - Growden.io
2025-09-08 15:57:30,795 - INFO - ✅ 成功爬取: MR RACER Stunt Mania
2025-09-08 15:57:31,458 - INFO - ✅ 成功爬取: Mad GunS - Battle Royale
2025-09-08 15:57:31,504 - INFO - ✅ 成功爬取: Idle Transport Tycoon
2025-09-08 15:57:32,305 - INFO - ✅ 成功爬取: Truck Hit Hero: Isekai Arena
2025-09-08 15:57:32,844 - INFO - ✅ 成功爬取: Noob Digger: Pro Drill Miner
2025-09-08 15:57:34,110 - INFO - ✅ 成功爬取: Heroes of the Arena
2025-09-08 15:57:34,517 - INFO - ✅ 成功爬取: Simply Prop Hunt
2025-09-08 15:57:35,226 - INFO - ✅ 成功爬取: Sweety Ludo
2025-09-08 15:57:36,185 - INFO - ✅ 成功爬取: Space Waves
2025-09-08 15:57:36,604 - INFO - ✅ 成功爬取: Bit Gun.io
2025-09-08 15:57:37,160 - INFO - ✅ 成功爬取: Escape From Prison Multiplayer
2025-09-08 15:57:37,396 - INFO - ✅ 成功爬取: Holey.io Battle Royale
2025-09-08 15:57:38,801 - INFO - ✅ 成功爬取: EvoWars.io
2025-09-08 15:57:39,412 - INFO - ✅ 成功爬取: Escape From Pizzeria
2025-09-08 15:57:39,441 - INFO - 详情页爬取完成，共获取 15 个游戏的详细信息
2025-09-08 15:57:39,453 - INFO - 详细数据已保存到 step2_detailed_games.json
2025-09-08 15:57:39,697 - INFO - ✅ 第二步完成：获取 15 个游戏的详细信息
2025-09-08 15:57:39,739 - INFO - 第三步：数据集成到Home.tsx...
2025-09-08 15:57:39,766 - INFO - 开始数据集成流程...
2025-09-08 15:57:39,770 - INFO - 成功加载第一步数据: 15 个游戏
2025-09-08 15:57:40,084 - INFO - 成功加载第二步数据: 15 个游戏
2025-09-08 15:57:40,125 - INFO - 成功合并数据: 15 个游戏
2025-09-08 15:57:40,260 - INFO - 成功加载Home.tsx文件
2025-09-08 15:57:40,389 - INFO - 已创建备份文件: ..\src\pages\Home.tsx.backup
2025-09-08 15:57:40,619 - WARNING - 未找到games数组，尝试其他方法
2025-09-08 15:57:40,659 - INFO - 成功插入games数组
2025-09-08 15:57:40,813 - INFO - 成功保存Home.tsx文件
2025-09-08 15:57:40,860 - INFO - ✅ 数据集成完成！
2025-09-08 15:57:40,882 - INFO - ✅ 第三步完成：数据集成成功
2025-09-08 16:12:29,067 - INFO - 🚀 运行真实爬虫模式...
2025-09-08 16:12:29,068 - INFO - 第一步：爬取主页游戏信息...
2025-09-08 16:12:29,069 - INFO - 开始爬取主页，目标游戏数量: 6
2025-09-08 16:12:29,743 - INFO - 已保存调试HTML到 debug_homepage.html
2025-09-08 16:12:29,877 - INFO - 使用选择器 'a[href*="/game/"]' 找到 35 个游戏链接
2025-09-08 16:12:29,880 - INFO - 成功提取游戏 1: Truck Hit Hero: Isekai Arena
2025-09-08 16:12:30,424 - INFO - 成功提取游戏 2: Simply Prop Hunt
2025-09-08 16:12:31,660 - INFO - 成功提取游戏 3: Mad GunS - Battle Royale
2025-09-08 16:12:33,188 - INFO - 成功提取游戏 4: 456 Guys
2025-09-08 16:12:34,163 - INFO - 成功提取游戏 5: Fragen
2025-09-08 16:12:34,879 - INFO - 成功提取游戏 6: Noob Digger: Pro Drill Miner
2025-09-08 16:12:36,133 - INFO - 主页爬取完成，共获取 6 个游戏
2025-09-08 16:12:36,138 - INFO - 数据已保存到 step1_homepage_games.json
2025-09-08 16:12:36,153 - INFO - ✅ 第一步完成：获取 6 个游戏
2025-09-08 16:12:36,205 - INFO - 第二步：爬取游戏详细信息...
2025-09-08 16:12:36,216 - INFO - 开始爬取 6 个游戏的详细信息
2025-09-08 16:12:38,317 - INFO - ✅ 成功爬取: Mad GunS - Battle Royale
2025-09-08 16:12:39,058 - INFO - ✅ 成功爬取: Fragen
2025-09-08 16:12:40,403 - INFO - ✅ 成功爬取: 456 Guys
2025-09-08 16:12:40,419 - INFO - ✅ 成功爬取: Simply Prop Hunt
2025-09-08 16:12:41,001 - INFO - ✅ 成功爬取: Truck Hit Hero: Isekai Arena
2025-09-08 16:12:41,096 - INFO - ✅ 成功爬取: Noob Digger: Pro Drill Miner
2025-09-08 16:12:41,099 - INFO - 详情页爬取完成，共获取 6 个游戏的详细信息
2025-09-08 16:12:41,107 - INFO - 详细数据已保存到 step2_detailed_games.json
2025-09-08 16:12:41,185 - INFO - ✅ 第二步完成：获取 6 个游戏的详细信息
2025-09-08 16:12:41,209 - INFO - ✅ 爬虫数据获取完成！
2025-09-08 16:12:41,260 - INFO - 📝 请使用以下命令更新数据：
2025-09-08 16:12:41,324 - INFO -    python modular_data_updater.py step2_detailed_games.json
2025-09-08 16:21:37,739 - INFO - 🚀 运行真实爬虫模式...
2025-09-08 16:21:37,741 - INFO - 第一步：爬取主页游戏信息...
2025-09-08 16:21:37,741 - INFO - 开始爬取主页，目标游戏数量: 3
2025-09-08 16:21:38,468 - INFO - 已保存调试HTML到 debug_homepage.html
2025-09-08 16:21:38,644 - INFO - 使用选择器 'a[href*="/game/"]' 找到 35 个游戏链接
2025-09-08 16:21:38,646 - INFO - 成功提取游戏 1: Truck Hit Hero: Isekai Arena
2025-09-08 16:21:39,817 - INFO - 成功提取游戏 2: Simply Prop Hunt
2025-09-08 16:21:40,372 - INFO - 成功提取游戏 3: Mad GunS - Battle Royale
2025-09-08 16:21:40,939 - INFO - 主页爬取完成，共获取 3 个游戏
2025-09-08 16:21:41,019 - INFO - 数据已保存到 step1_homepage_games.json
2025-09-08 16:21:41,085 - INFO - ✅ 第一步完成：获取 3 个游戏
2025-09-08 16:21:41,097 - INFO - 第二步：爬取游戏详细信息...
2025-09-08 16:21:41,179 - INFO - 开始爬取 3 个游戏的详细信息
2025-09-08 16:21:45,352 - INFO - ✅ 成功爬取: Mad GunS - Battle Royale
2025-09-08 16:21:46,061 - INFO - ✅ 成功爬取: Truck Hit Hero: Isekai Arena
2025-09-08 16:21:46,587 - INFO - ✅ 成功爬取: Simply Prop Hunt
2025-09-08 16:21:46,623 - INFO - 详情页爬取完成，共获取 3 个游戏的详细信息
2025-09-08 16:21:46,638 - INFO - 详细数据已保存到 step2_detailed_games.json
2025-09-08 16:21:46,702 - INFO - ✅ 第二步完成：获取 3 个游戏的详细信息
2025-09-08 16:21:46,726 - INFO - ✅ 爬虫数据获取完成！
2025-09-08 16:21:46,836 - INFO - 📝 请使用以下命令更新数据：
2025-09-08 16:21:46,915 - INFO -    python modular_data_updater.py step2_detailed_games.json
2025-09-08 17:05:43,951 - INFO - 第一步：爬取主页游戏信息...
2025-09-08 17:05:43,952 - INFO - 开始爬取主页，目标游戏数量: 5
2025-09-08 17:05:49,576 - INFO - 已保存调试HTML到 debug_homepage.html
2025-09-08 17:05:49,839 - INFO - 使用选择器 'a[href*="/game/"]' 找到 35 个游戏链接
2025-09-08 17:05:49,855 - INFO - 成功提取游戏 1: Truck Hit Hero: Isekai Arena
2025-09-08 17:05:50,483 - INFO - 成功提取游戏 2: Simply Prop Hunt
2025-09-08 17:05:51,360 - INFO - 成功提取游戏 3: Mad GunS - Battle Royale
2025-09-08 17:05:52,443 - INFO - 成功提取游戏 4: 456 Guys
2025-09-08 17:05:53,220 - INFO - 成功提取游戏 5: Fragen
2025-09-08 17:05:53,992 - INFO - 主页爬取完成，共获取 5 个游戏
2025-09-08 17:05:53,997 - INFO - 数据已保存到 step1_homepage_games.json
2025-09-08 17:05:54,059 - INFO - ✅ 第一步完成：获取 5 个游戏
2025-09-08 17:08:04,352 - INFO - 第二步：爬取游戏详细信息...
2025-09-08 17:08:04,354 - INFO - 限制爬取数量为 20 个游戏
2025-09-08 17:08:04,354 - INFO - 开始爬取 5 个游戏的详细信息
2025-09-08 17:08:12,543 - INFO - ✅ 成功爬取: Mad GunS - Battle Royale
2025-09-08 17:08:13,840 - INFO - ✅ 成功爬取: Simply Prop Hunt
2025-09-08 17:08:14,424 - INFO - ✅ 成功爬取: 456 Guys
2025-09-08 17:08:14,554 - INFO - ✅ 成功爬取: Fragen
2025-09-08 17:08:14,581 - INFO - ✅ 成功爬取: Truck Hit Hero: Isekai Arena
2025-09-08 17:08:14,582 - INFO - 详情页爬取完成，共获取 5 个游戏的详细信息
2025-09-08 17:08:14,592 - INFO - 详细数据已保存到 step2_detailed_games.json
2025-09-08 17:08:14,593 - INFO - ✅ 第二步完成：获取 5 个游戏的详细信息
2025-09-08 17:31:28,985 - INFO - 第二步：爬取游戏详细信息...
2025-09-08 17:31:29,020 - INFO - 限制爬取数量为 1 个游戏
2025-09-08 17:31:29,031 - INFO - 开始爬取 1 个游戏的详细信息
2025-09-08 17:31:36,183 - INFO - ✅ 成功爬取: Truck Hit Hero: Isekai Arena
2025-09-08 17:31:36,185 - INFO - 详情页爬取完成，共获取 1 个游戏的详细信息
2025-09-08 17:31:36,188 - INFO - 详细数据已保存到 step2_detailed_games.json
2025-09-08 17:31:36,194 - INFO - ✅ 第二步完成：获取 1 个游戏的详细信息
2025-09-08 17:31:57,011 - INFO - 第二步：爬取游戏详细信息...
2025-09-08 17:31:57,013 - INFO - 限制爬取数量为 3 个游戏
2025-09-08 17:31:57,013 - INFO - 开始爬取 3 个游戏的详细信息
2025-09-08 17:32:04,402 - INFO - ✅ 成功爬取: Simply Prop Hunt
2025-09-08 17:32:04,492 - INFO - ✅ 成功爬取: Mad GunS - Battle Royale
2025-09-08 17:32:04,619 - INFO - ✅ 成功爬取: Truck Hit Hero: Isekai Arena
2025-09-08 17:32:04,651 - INFO - 详情页爬取完成，共获取 3 个游戏的详细信息
2025-09-08 17:32:04,655 - INFO - 详细数据已保存到 step2_detailed_games.json
2025-09-08 17:32:04,659 - INFO - ✅ 第二步完成：获取 3 个游戏的详细信息
2025-09-08 17:36:10,197 - INFO - 第二步：爬取游戏详细信息...
2025-09-08 17:36:10,199 - INFO - 限制爬取数量为 2 个游戏
2025-09-08 17:36:10,199 - INFO - 开始爬取 2 个游戏的详细信息
2025-09-08 17:36:17,138 - INFO - ✅ 成功爬取: Truck Hit Hero: Isekai Arena
2025-09-08 17:36:17,300 - INFO - ✅ 成功爬取: Simply Prop Hunt
2025-09-08 17:36:17,339 - INFO - 详情页爬取完成，共获取 2 个游戏的详细信息
2025-09-08 17:36:17,359 - INFO - 详细数据已保存到 step2_detailed_games.json
2025-09-08 17:36:17,379 - INFO - ✅ 第二步完成：获取 2 个游戏的详细信息
2025-09-08 17:39:53,065 - INFO - 🚀 运行真实爬虫模式...
2025-09-08 17:39:53,068 - INFO - 第一步：爬取主页游戏信息...
2025-09-08 17:39:53,070 - INFO - 开始爬取主页，目标游戏数量: 5
2025-09-08 17:39:58,820 - INFO - 已保存调试HTML到 debug_homepage.html
2025-09-08 17:39:58,995 - INFO - 使用选择器 'a[href*="/game/"]' 找到 35 个游戏链接
2025-09-08 17:39:58,997 - INFO - 成功提取游戏 1: Truck Hit Hero: Isekai Arena
2025-09-08 17:40:00,162 - INFO - 成功提取游戏 2: Simply Prop Hunt
2025-09-08 17:40:00,843 - INFO - 成功提取游戏 3: Mad GunS - Battle Royale
2025-09-08 17:40:02,297 - INFO - 成功提取游戏 4: 456 Guys
2025-09-08 17:40:02,897 - INFO - 成功提取游戏 5: Fragen
2025-09-08 17:40:03,911 - INFO - 主页爬取完成，共获取 5 个游戏
2025-09-08 17:40:03,914 - INFO - 数据已保存到 step1_homepage_games.json
2025-09-08 17:40:03,915 - INFO - ✅ 第一步完成：获取 5 个游戏
2025-09-08 17:40:03,925 - INFO - 第二步：爬取游戏详细信息...
2025-09-08 17:40:03,930 - INFO - 开始爬取 5 个游戏的详细信息
2025-09-08 17:40:10,844 - INFO - ✅ 成功爬取: Mad GunS - Battle Royale
2025-09-08 17:40:11,190 - INFO - ✅ 成功爬取: 456 Guys
2025-09-08 17:40:11,235 - INFO - ✅ 成功爬取: Truck Hit Hero: Isekai Arena
2025-09-08 17:40:11,301 - INFO - ✅ 成功爬取: Fragen
2025-09-08 17:40:11,606 - INFO - ✅ 成功爬取: Simply Prop Hunt
2025-09-08 17:40:11,610 - INFO - 详情页爬取完成，共获取 5 个游戏的详细信息
2025-09-08 17:40:11,616 - INFO - 详细数据已保存到 step2_detailed_games.json
2025-09-08 17:40:11,632 - INFO - ✅ 第二步完成：获取 5 个游戏的详细信息
2025-09-08 17:40:11,670 - INFO - ✅ 爬虫数据获取完成！
2025-09-08 17:40:11,702 - INFO - 📝 请使用以下命令更新数据：
2025-09-08 17:40:11,724 - INFO -    python modular_data_updater.py step2_detailed_games.json
2025-09-08 17:41:33,880 - INFO - 🚀 运行真实爬虫模式...
2025-09-08 17:41:33,881 - INFO - 第一步：爬取主页游戏信息...
2025-09-08 17:41:33,881 - INFO - 开始爬取主页，目标游戏数量: 4
2025-09-08 17:41:39,497 - INFO - 已保存调试HTML到 debug_homepage.html
2025-09-08 17:41:39,989 - INFO - 使用选择器 'a[href*="/game/"]' 找到 35 个游戏链接
2025-09-08 17:41:40,195 - INFO - 成功提取游戏 1: Truck Hit Hero: Isekai Arena
2025-09-08 17:41:41,358 - INFO - 成功提取游戏 2: Simply Prop Hunt
2025-09-08 17:41:41,915 - INFO - 成功提取游戏 3: Mad GunS - Battle Royale
2025-09-08 17:41:42,714 - INFO - 成功提取游戏 4: 456 Guys
2025-09-08 17:41:43,573 - INFO - 主页爬取完成，共获取 4 个游戏
2025-09-08 17:41:43,582 - INFO - 数据已保存到 step1_homepage_games.json
2025-09-08 17:41:43,625 - INFO - ✅ 第一步完成：获取 4 个游戏
2025-09-08 17:41:43,633 - INFO - 第二步：爬取游戏详细信息...
2025-09-08 17:41:43,634 - INFO - 开始爬取 4 个游戏的详细信息
2025-09-08 17:41:51,015 - INFO - ✅ 成功爬取: Simply Prop Hunt
2025-09-08 17:41:51,016 - INFO - ✅ 成功爬取: Truck Hit Hero: Isekai Arena
2025-09-08 17:41:51,074 - INFO - ✅ 成功爬取: Mad GunS - Battle Royale
2025-09-08 17:41:51,191 - INFO - ✅ 成功爬取: 456 Guys
2025-09-08 17:41:51,195 - INFO - 详情页爬取完成，共获取 4 个游戏的详细信息
2025-09-08 17:41:51,199 - INFO - 详细数据已保存到 step2_detailed_games.json
2025-09-08 17:41:51,203 - INFO - ✅ 第二步完成：获取 4 个游戏的详细信息
2025-09-08 17:41:51,205 - INFO - ✅ 爬虫数据获取完成！
2025-09-08 17:41:51,207 - INFO - 📝 请使用以下命令更新数据：
2025-09-08 17:41:51,218 - INFO -    python modular_data_updater.py step2_detailed_games.json
2025-09-08 17:47:25,114 - INFO - 第二步：爬取游戏详细信息...
2025-09-08 17:47:25,253 - INFO - 限制爬取数量为 1 个游戏
2025-09-08 17:47:25,325 - INFO - 开始爬取 1 个游戏的详细信息
2025-09-08 17:47:33,426 - INFO - ✅ 成功爬取: Truck Hit Hero: Isekai Arena
2025-09-08 17:47:33,430 - INFO - 详情页爬取完成，共获取 1 个游戏的详细信息
2025-09-08 17:47:33,435 - INFO - 详细数据已保存到 step2_detailed_games.json
2025-09-08 17:47:33,456 - INFO - ✅ 第二步完成：获取 1 个游戏的详细信息
2025-09-08 17:49:08,345 - INFO - 第二步：爬取游戏详细信息...
2025-09-08 17:49:08,426 - INFO - 限制爬取数量为 2 个游戏
2025-09-08 17:49:08,437 - INFO - 开始爬取 2 个游戏的详细信息
2025-09-08 17:49:16,022 - INFO - ✅ 成功爬取: Truck Hit Hero: Isekai Arena
2025-09-08 17:49:16,099 - INFO - ✅ 成功爬取: Simply Prop Hunt
2025-09-08 17:49:16,100 - INFO - 详情页爬取完成，共获取 2 个游戏的详细信息
2025-09-08 17:49:16,102 - INFO - 详细数据已保存到 step2_detailed_games.json
2025-09-08 17:49:16,103 - INFO - ✅ 第二步完成：获取 2 个游戏的详细信息
2025-09-08 17:51:27,152 - INFO - 第二步：爬取游戏详细信息...
2025-09-08 17:51:27,155 - INFO - 限制爬取数量为 5 个游戏
2025-09-08 17:51:27,156 - INFO - 开始爬取 4 个游戏的详细信息
2025-09-08 17:51:34,190 - INFO - ✅ 成功爬取: Truck Hit Hero: Isekai Arena
2025-09-08 17:51:34,617 - INFO - ✅ 成功爬取: Simply Prop Hunt
2025-09-08 17:51:34,688 - INFO - ✅ 成功爬取: 456 Guys
2025-09-08 17:51:34,826 - INFO - ✅ 成功爬取: Mad GunS - Battle Royale
2025-09-08 17:51:34,944 - INFO - 详情页爬取完成，共获取 4 个游戏的详细信息
2025-09-08 17:51:35,012 - INFO - 详细数据已保存到 step2_detailed_games.json
2025-09-08 17:51:35,099 - INFO - ✅ 第二步完成：获取 4 个游戏的详细信息
2025-09-08 17:55:30,490 - INFO - 🚀 运行真实爬虫模式...
2025-09-08 17:55:30,491 - INFO - 第一步：爬取主页游戏信息...
2025-09-08 17:55:30,492 - INFO - 开始爬取主页，目标游戏数量: 6
2025-09-08 17:55:36,081 - INFO - 已保存调试HTML到 debug_homepage.html
2025-09-08 17:55:36,243 - INFO - 使用选择器 'a[href*="/game/"]' 找到 35 个游戏链接
2025-09-08 17:55:36,244 - INFO - 成功提取游戏 1: Truck Hit Hero: Isekai Arena
2025-09-08 17:55:37,020 - INFO - 成功提取游戏 2: Simply Prop Hunt
2025-09-08 17:55:37,830 - INFO - 成功提取游戏 3: Mad GunS - Battle Royale
2025-09-08 17:55:39,288 - INFO - 成功提取游戏 4: 456 Guys
2025-09-08 17:55:39,933 - INFO - 成功提取游戏 5: Fragen
2025-09-08 17:55:40,622 - INFO - 成功提取游戏 6: Noob Digger: Pro Drill Miner
2025-09-08 17:55:41,522 - INFO - 主页爬取完成，共获取 6 个游戏
2025-09-08 17:55:41,527 - INFO - 数据已保存到 step1_homepage_games.json
2025-09-08 17:55:41,551 - INFO - ✅ 第一步完成：获取 6 个游戏
2025-09-08 17:55:41,696 - INFO - 第二步：爬取游戏详细信息...
2025-09-08 17:55:41,908 - INFO - 开始爬取 6 个游戏的详细信息
2025-09-08 17:55:48,509 - INFO - ✅ 成功爬取: Mad GunS - Battle Royale
2025-09-08 17:55:48,656 - INFO - ✅ 成功爬取: 456 Guys
2025-09-08 17:55:48,897 - INFO - ✅ 成功爬取: Fragen
2025-09-08 17:55:48,943 - INFO - ✅ 成功爬取: Truck Hit Hero: Isekai Arena
2025-09-08 17:55:49,208 - INFO - ✅ 成功爬取: Simply Prop Hunt
2025-09-08 17:55:51,318 - INFO - ✅ 成功爬取: Noob Digger: Pro Drill Miner
2025-09-08 17:55:51,333 - INFO - 详情页爬取完成，共获取 6 个游戏的详细信息
2025-09-08 17:55:51,352 - INFO - 详细数据已保存到 step2_detailed_games.json
2025-09-08 17:55:51,406 - INFO - ✅ 第二步完成：获取 6 个游戏的详细信息
2025-09-08 17:55:51,559 - INFO - ✅ 爬虫数据获取完成！
2025-09-08 17:55:51,697 - INFO - 📝 请使用以下命令更新数据：
2025-09-08 17:55:51,792 - INFO -    python modular_data_updater.py step2_detailed_games.json
2025-09-08 18:54:03,359 - INFO - 第二步：爬取游戏详细信息...
2025-09-08 18:54:03,362 - INFO - 限制爬取数量为 2 个游戏
2025-09-08 18:54:03,373 - INFO - 开始爬取 2 个游戏的详细信息
2025-09-08 18:54:10,909 - INFO - ✅ 成功爬取: Truck Hit Hero: Isekai Arena
2025-09-08 18:54:11,438 - INFO - ✅ 成功爬取: Simply Prop Hunt
2025-09-08 18:54:11,560 - INFO - 详情页爬取完成，共获取 2 个游戏的详细信息
2025-09-08 18:54:11,568 - INFO - 详细数据已保存到 step2_detailed_games.json
2025-09-08 18:54:11,587 - INFO - ✅ 第二步完成：获取 2 个游戏的详细信息
2025-09-08 18:55:52,403 - INFO - 🚀 运行真实爬虫模式...
2025-09-08 18:55:52,404 - INFO - 第一步：爬取主页游戏信息...
2025-09-08 18:55:52,404 - INFO - 开始爬取主页，目标游戏数量: 6
2025-09-08 18:55:58,007 - INFO - 已保存调试HTML到 debug_homepage.html
2025-09-08 18:55:58,228 - INFO - 使用选择器 'a[href*="/game/"]' 找到 35 个游戏链接
2025-09-08 18:55:58,234 - INFO - 成功提取游戏 1: Truck Hit Hero: Isekai Arena
2025-09-08 18:55:59,363 - INFO - 成功提取游戏 2: Simply Prop Hunt
2025-09-08 18:56:00,545 - INFO - 成功提取游戏 3: Mad GunS - Battle Royale
2025-09-08 18:56:01,673 - INFO - 成功提取游戏 4: 456 Guys
2025-09-08 18:56:03,168 - INFO - 成功提取游戏 5: Fragen
2025-09-08 18:56:04,488 - INFO - 成功提取游戏 6: Noob Digger: Pro Drill Miner
2025-09-08 18:56:05,354 - INFO - 主页爬取完成，共获取 6 个游戏
2025-09-08 18:56:05,358 - INFO - 数据已保存到 step1_homepage_games.json
2025-09-08 18:56:05,409 - INFO - ✅ 第一步完成：获取 6 个游戏
2025-09-08 18:56:05,415 - INFO - 第二步：爬取游戏详细信息...
2025-09-08 18:56:05,439 - INFO - 开始爬取 6 个游戏的详细信息
2025-09-08 18:56:13,426 - INFO - ✅ 成功爬取: 456 Guys
2025-09-08 18:56:13,495 - INFO - ✅ 成功爬取: Truck Hit Hero: Isekai Arena
2025-09-08 18:56:13,581 - INFO - ✅ 成功爬取: Fragen
2025-09-08 18:56:13,694 - INFO - ✅ 成功爬取: Mad GunS - Battle Royale
2025-09-08 18:56:14,242 - INFO - ✅ 成功爬取: Simply Prop Hunt
2025-09-08 18:56:16,158 - INFO - ✅ 成功爬取: Noob Digger: Pro Drill Miner
2025-09-08 18:56:16,159 - INFO - 详情页爬取完成，共获取 6 个游戏的详细信息
2025-09-08 18:56:16,162 - INFO - 详细数据已保存到 step2_detailed_games.json
2025-09-08 18:56:16,164 - INFO - ✅ 第二步完成：获取 6 个游戏的详细信息
2025-09-08 18:56:16,165 - INFO - ✅ 爬虫数据获取完成！
2025-09-08 18:56:16,166 - INFO - 📝 请使用以下命令更新数据：
2025-09-08 18:56:16,166 - INFO -    python modular_data_updater.py step2_detailed_games.json
2025-09-09 14:58:18,663 - INFO - 🚀 运行真实爬虫模式...
2025-09-09 14:58:18,664 - INFO - 第一步：爬取主页游戏信息...
2025-09-09 14:58:18,665 - INFO - 开始爬取主页，目标游戏数量: 12
2025-09-09 14:58:24,262 - INFO - 已保存调试HTML到 debug_homepage.html
2025-09-09 14:58:24,421 - INFO - 使用选择器 'a[href*="/game/"]' 找到 35 个游戏链接
2025-09-09 14:58:24,424 - INFO - 成功提取游戏 1: Truck Hit Hero: Isekai Arena
2025-09-09 14:58:25,501 - INFO - 成功提取游戏 2: Simply Prop Hunt
2025-09-09 14:58:26,886 - INFO - 成功提取游戏 3: Mad GunS - Battle Royale
2025-09-09 14:58:27,455 - INFO - 成功提取游戏 4: 456 Guys
2025-09-09 14:58:28,487 - INFO - 成功提取游戏 5: Fragen
2025-09-09 14:58:29,249 - INFO - 成功提取游戏 6: Noob Digger: Pro Drill Miner
2025-09-09 14:58:30,272 - INFO - 成功提取游戏 7: Cell to Singularity: Mesozoic Valley
2025-09-09 14:58:31,098 - INFO - 成功提取游戏 8: Simply Prop Hunt
2025-09-09 14:58:31,657 - INFO - 成功提取游戏 9: Space Waves
2025-09-09 14:58:32,976 - INFO - 成功提取游戏 10: Bit Gun.io
2025-09-09 14:58:33,542 - INFO - 成功提取游戏 11: EvoWars.io
2025-09-09 14:58:34,094 - INFO - 成功提取游戏 12: Escape From Prison Multiplayer
2025-09-09 14:58:35,314 - INFO - 主页爬取完成，共获取 12 个游戏
2025-09-09 14:58:35,322 - INFO - 数据已保存到 step1_homepage_games.json
2025-09-09 14:58:35,324 - INFO - ✅ 第一步完成：获取 12 个游戏
2025-09-09 14:58:35,326 - INFO - 第二步：爬取游戏详细信息...
2025-09-09 14:58:35,328 - INFO - 开始爬取 12 个游戏的详细信息
2025-09-09 14:58:42,001 - INFO - ✅ 成功爬取: Fragen
2025-09-09 14:58:42,001 - INFO - ✅ 成功爬取: 456 Guys
2025-09-09 14:58:42,033 - INFO - ✅ 成功爬取: Simply Prop Hunt
2025-09-09 14:58:42,084 - INFO - ✅ 成功爬取: Truck Hit Hero: Isekai Arena
2025-09-09 14:58:42,856 - INFO - ✅ 成功爬取: Mad GunS - Battle Royale
2025-09-09 14:58:43,766 - INFO - ✅ 成功爬取: Simply Prop Hunt
2025-09-09 14:58:43,889 - INFO - ✅ 成功爬取: Space Waves
2025-09-09 14:58:44,343 - INFO - ✅ 成功爬取: Cell to Singularity: Mesozoic Valley
2025-09-09 14:58:44,852 - INFO - ✅ 成功爬取: Bit Gun.io
2025-09-09 14:58:45,087 - INFO - ✅ 成功爬取: Noob Digger: Pro Drill Miner
2025-09-09 14:58:45,263 - INFO - ✅ 成功爬取: Escape From Prison Multiplayer
2025-09-09 14:58:45,964 - INFO - ✅ 成功爬取: EvoWars.io
2025-09-09 14:58:45,965 - INFO - 详情页爬取完成，共获取 12 个游戏的详细信息
2025-09-09 14:58:45,969 - INFO - 详细数据已保存到 step2_detailed_games.json
2025-09-09 14:58:45,971 - INFO - ✅ 第二步完成：获取 12 个游戏的详细信息
2025-09-09 14:58:45,972 - INFO - ✅ 爬虫数据获取完成！
2025-09-09 14:58:45,973 - INFO - 📝 请使用以下命令更新数据：
2025-09-09 14:58:45,973 - INFO -    python modular_data_updater.py step2_detailed_games.json
2025-09-13 10:50:12,165 - INFO - 🚀 运行真实爬虫模式...
2025-09-13 10:50:12,166 - INFO - 第一步：爬取主页游戏信息...
2025-09-13 10:50:12,167 - INFO - 开始爬取主页，目标游戏数量: 12
2025-09-13 10:50:18,624 - INFO - 已保存调试HTML到 debug_homepage.html
2025-09-13 10:50:18,989 - INFO - 使用选择器 'a[href*="/game/"]' 找到 33 个游戏链接
2025-09-13 10:50:18,995 - INFO - 成功提取游戏 1: Rumblets GO
2025-09-13 10:50:20,173 - INFO - 成功提取游戏 2: Prison Escape.io
2025-09-13 10:50:20,951 - INFO - 成功提取游戏 3: MatchVentures
2025-09-13 10:50:21,536 - INFO - 成功提取游戏 4: Hexa Sort
2025-09-13 10:50:22,708 - INFO - 成功提取游戏 5: Cell to Singularity: Mesozoic Valley
2025-09-13 10:50:23,306 - INFO - 成功提取游戏 6: Simply Prop Hunt
2025-09-13 10:50:24,670 - INFO - 成功提取游戏 7: Space Waves
2025-09-13 10:50:26,095 - INFO - 成功提取游戏 8: Bit Gun.io
2025-09-13 10:50:26,983 - INFO - 成功提取游戏 9: EvoWars.io
2025-09-13 10:50:28,373 - INFO - 成功提取游戏 10: Escape From Prison Multiplayer
2025-09-13 10:50:29,724 - INFO - 成功提取游戏 11: Holey.io Battle Royale
2025-09-13 10:50:30,983 - INFO - 成功提取游戏 12: Escape From Pizzeria
2025-09-13 10:50:32,256 - INFO - 主页爬取完成，共获取 12 个游戏
2025-09-13 10:50:32,258 - INFO - 数据已保存到 step1_homepage_games.json
2025-09-13 10:50:32,258 - INFO - ✅ 第一步完成：获取 12 个游戏
2025-09-13 10:50:32,260 - INFO - 第二步：爬取游戏详细信息...
2025-09-13 10:50:32,261 - INFO - 开始爬取 12 个游戏的详细信息
2025-09-13 10:50:39,981 - INFO - ✅ 成功爬取: Prison Escape.io
2025-09-13 10:50:40,491 - INFO - ✅ 成功爬取: Rumblets GO
2025-09-13 10:50:40,537 - INFO - ✅ 成功爬取: MatchVentures
2025-09-13 10:50:40,585 - INFO - ✅ 成功爬取: Hexa Sort
2025-09-13 10:50:40,588 - INFO - ✅ 成功爬取: Cell to Singularity: Mesozoic Valley
2025-09-13 10:50:41,851 - INFO - ✅ 成功爬取: Simply Prop Hunt
2025-09-13 10:50:43,092 - INFO - ✅ 成功爬取: Space Waves
2025-09-13 10:50:43,224 - INFO - ✅ 成功爬取: EvoWars.io
2025-09-13 10:50:43,411 - INFO - ✅ 成功爬取: Escape From Prison Multiplayer
2025-09-13 10:50:43,812 - INFO - ✅ 成功爬取: Bit Gun.io
2025-09-13 10:50:44,446 - INFO - ✅ 成功爬取: Holey.io Battle Royale
2025-09-13 10:50:45,918 - INFO - ✅ 成功爬取: Escape From Pizzeria
2025-09-13 10:50:45,920 - INFO - 详情页爬取完成，共获取 12 个游戏的详细信息
2025-09-13 10:50:45,930 - INFO - 详细数据已保存到 step2_detailed_games.json
2025-09-13 10:50:46,060 - INFO - ✅ 第二步完成：获取 12 个游戏的详细信息
2025-09-13 10:50:46,174 - INFO - ✅ 爬虫数据获取完成！
2025-09-13 10:50:46,238 - INFO - 📝 请使用以下命令更新数据：
2025-09-13 10:50:46,355 - INFO -    python modular_data_updater.py step2_detailed_games.json
2025-09-13 10:52:16,773 - INFO - 🚀 运行真实爬虫模式...
2025-09-13 10:52:16,775 - INFO - 第一步：爬取主页游戏信息...
2025-09-13 10:52:16,775 - INFO - 开始爬取主页，目标游戏数量: 20
2025-09-13 10:52:23,012 - INFO - 已保存调试HTML到 debug_homepage.html
2025-09-13 10:52:23,159 - INFO - 使用选择器 'a[href*="/game/"]' 找到 33 个游戏链接
2025-09-13 10:52:23,162 - INFO - 成功提取游戏 1: Rumblets GO
2025-09-13 10:52:24,053 - INFO - 成功提取游戏 2: Prison Escape.io
2025-09-13 10:52:24,624 - INFO - 成功提取游戏 3: MatchVentures
2025-09-13 10:52:25,232 - INFO - 成功提取游戏 4: Hexa Sort
2025-09-13 10:52:26,092 - INFO - 成功提取游戏 5: Cell to Singularity: Mesozoic Valley
2025-09-13 10:52:26,772 - INFO - 成功提取游戏 6: Simply Prop Hunt
2025-09-13 10:52:27,937 - INFO - 成功提取游戏 7: Space Waves
2025-09-13 10:52:28,757 - INFO - 成功提取游戏 8: Bit Gun.io
2025-09-13 10:52:29,767 - INFO - 成功提取游戏 9: EvoWars.io
2025-09-13 10:52:30,329 - INFO - 成功提取游戏 10: Escape From Prison Multiplayer
2025-09-13 10:52:31,157 - INFO - 成功提取游戏 11: Holey.io Battle Royale
2025-09-13 10:52:32,089 - INFO - 成功提取游戏 12: Escape From Pizzeria
2025-09-13 10:52:32,789 - INFO - 成功提取游戏 13: Cubes 2048.io
2025-09-13 10:52:33,582 - INFO - 成功提取游戏 14: Crazy Dummy Swing Multiplayer
2025-09-13 10:52:34,422 - INFO - 成功提取游戏 15: Crazy Miners
2025-09-13 10:52:35,705 - INFO - 成功提取游戏 16: Make Up Hole
2025-09-13 10:52:36,373 - INFO - 成功提取游戏 17: She is Mad
2025-09-13 10:52:37,776 - INFO - 成功提取游戏 18: Demon Smasher
2025-09-13 10:52:39,041 - INFO - 成功提取游戏 19: The Farmers
2025-09-13 10:52:40,469 - INFO - 成功提取游戏 20: Millionaire Life
2025-09-13 10:52:41,184 - INFO - 主页爬取完成，共获取 20 个游戏
2025-09-13 10:52:41,187 - INFO - 数据已保存到 step1_homepage_games.json
2025-09-13 10:52:41,188 - INFO - ✅ 第一步完成：获取 20 个游戏
2025-09-13 10:52:41,188 - INFO - 第二步：爬取游戏详细信息...
2025-09-13 10:52:41,189 - INFO - 开始爬取 20 个游戏的详细信息
2025-09-13 10:52:49,625 - INFO - ✅ 成功爬取: Rumblets GO
2025-09-13 10:52:49,722 - INFO - ✅ 成功爬取: Prison Escape.io
2025-09-13 10:52:49,801 - INFO - ✅ 成功爬取: Cell to Singularity: Mesozoic Valley
2025-09-13 10:52:49,960 - INFO - ✅ 成功爬取: MatchVentures
2025-09-13 10:52:49,961 - INFO - ✅ 成功爬取: Hexa Sort
2025-09-13 10:52:51,811 - INFO - ✅ 成功爬取: Space Waves
2025-09-13 10:52:52,155 - INFO - ✅ 成功爬取: Escape From Prison Multiplayer
2025-09-13 10:52:52,288 - INFO - ✅ 成功爬取: Bit Gun.io
2025-09-13 10:52:53,054 - INFO - ✅ 成功爬取: Simply Prop Hunt
2025-09-13 10:52:53,422 - INFO - ✅ 成功爬取: EvoWars.io
2025-09-13 10:52:53,904 - INFO - ✅ 成功爬取: Holey.io Battle Royale
2025-09-13 10:52:55,233 - INFO - ✅ 成功爬取: Escape From Pizzeria
2025-09-13 10:52:55,569 - INFO - ✅ 成功爬取: Cubes 2048.io
2025-09-13 10:52:56,305 - INFO - ✅ 成功爬取: Crazy Miners
2025-09-13 10:52:56,511 - INFO - ✅ 成功爬取: Crazy Dummy Swing Multiplayer
2025-09-13 10:52:57,309 - INFO - ✅ 成功爬取: Make Up Hole
2025-09-13 10:52:57,780 - INFO - ✅ 成功爬取: Demon Smasher
2025-09-13 10:52:58,109 - INFO - ✅ 成功爬取: She is Mad
2025-09-13 10:52:58,235 - INFO - ✅ 成功爬取: The Farmers
2025-09-13 10:52:59,124 - INFO - ✅ 成功爬取: Millionaire Life
2025-09-13 10:52:59,125 - INFO - 详情页爬取完成，共获取 20 个游戏的详细信息
2025-09-13 10:52:59,130 - INFO - 详细数据已保存到 step2_detailed_games.json
2025-09-13 10:52:59,130 - INFO - ✅ 第二步完成：获取 20 个游戏的详细信息
2025-09-13 10:52:59,131 - INFO - ✅ 爬虫数据获取完成！
2025-09-13 10:52:59,132 - INFO - 📝 请使用以下命令更新数据：
2025-09-13 10:52:59,132 - INFO -    python modular_data_updater.py step2_detailed_games.json
2025-09-13 10:59:16,011 - INFO - 🚀 运行真实爬虫模式...
2025-09-13 10:59:16,011 - INFO - 第一步：爬取主页游戏信息...
2025-09-13 10:59:16,012 - INFO - 开始爬取主页，目标游戏数量: 68
2025-09-13 10:59:22,474 - INFO - 已保存调试HTML到 debug_homepage.html
2025-09-13 10:59:22,631 - INFO - 使用选择器 'a[href*="/game/"]' 找到 33 个游戏链接
2025-09-13 10:59:22,633 - INFO - 成功提取游戏 1: Rumblets GO
2025-09-13 10:59:23,649 - INFO - 成功提取游戏 2: Prison Escape.io
2025-09-13 10:59:25,020 - INFO - 成功提取游戏 3: MatchVentures
2025-09-13 10:59:26,380 - INFO - 成功提取游戏 4: Hexa Sort
2025-09-13 10:59:27,840 - INFO - 成功提取游戏 5: Cell to Singularity: Mesozoic Valley
2025-09-13 10:59:28,906 - INFO - 成功提取游戏 6: Simply Prop Hunt
2025-09-13 10:59:29,797 - INFO - 成功提取游戏 7: Space Waves
2025-09-13 10:59:30,351 - INFO - 成功提取游戏 8: Bit Gun.io
2025-09-13 10:59:31,196 - INFO - 成功提取游戏 9: EvoWars.io
2025-09-13 10:59:31,981 - INFO - 成功提取游戏 10: Escape From Prison Multiplayer
2025-09-13 10:59:32,768 - INFO - 成功提取游戏 11: Holey.io Battle Royale
2025-09-13 10:59:34,236 - INFO - 成功提取游戏 12: Escape From Pizzeria
2025-09-13 10:59:35,583 - INFO - 成功提取游戏 13: Cubes 2048.io
2025-09-13 10:59:36,337 - INFO - 成功提取游戏 14: Crazy Dummy Swing Multiplayer
2025-09-13 10:59:37,121 - INFO - 成功提取游戏 15: Crazy Miners
2025-09-13 10:59:38,019 - INFO - 成功提取游戏 16: Make Up Hole
2025-09-13 10:59:38,891 - INFO - 成功提取游戏 17: She is Mad
2025-09-13 10:59:40,160 - INFO - 成功提取游戏 18: Demon Smasher
2025-09-13 10:59:41,035 - INFO - 成功提取游戏 19: The Farmers
2025-09-13 10:59:42,403 - INFO - 成功提取游戏 20: Millionaire Life
2025-09-13 10:59:43,464 - INFO - 成功提取游戏 21: Twerk Race 3d - Fun Run Game!
2025-09-13 10:59:44,177 - INFO - 成功提取游戏 22: Field Master
2025-09-13 10:59:44,895 - INFO - 成功提取游戏 23: KiKi World
2025-09-13 10:59:46,137 - INFO - 成功提取游戏 24: Mysterious Elevator
2025-09-13 10:59:47,545 - INFO - 成功提取游戏 25: Noob: Space Escape!
2025-09-13 10:59:48,260 - INFO - 成功提取游戏 26: Jet Bouncer
2025-09-13 10:59:49,203 - INFO - 成功提取游戏 27: Shell Shockers
2025-09-13 10:59:50,282 - INFO - 成功提取游戏 28: Agar io
2025-09-13 10:59:51,095 - INFO - 成功提取游戏 29: Uno Online
2025-09-13 10:59:51,783 - INFO - 成功提取游戏 30: Geometry Dash
2025-09-13 10:59:52,461 - INFO - 成功提取游戏 31: Moto X3M
2025-09-13 10:59:53,775 - INFO - 成功提取游戏 32: Smash Karts
2025-09-13 10:59:55,267 - INFO - 成功提取游戏 33: GeoGuessr
2025-09-13 10:59:56,226 - INFO - 主页爬取完成，共获取 33 个游戏
2025-09-13 10:59:56,230 - INFO - 数据已保存到 step1_homepage_games.json
2025-09-13 10:59:56,233 - INFO - ✅ 第一步完成：获取 33 个游戏
2025-09-13 10:59:56,234 - INFO - 第二步：爬取游戏详细信息...
2025-09-13 10:59:56,235 - INFO - 开始爬取 33 个游戏的详细信息
2025-09-13 11:00:04,720 - INFO - ✅ 成功爬取: Prison Escape.io
2025-09-13 11:00:04,942 - INFO - ✅ 成功爬取: Hexa Sort
2025-09-13 11:00:04,975 - INFO - ✅ 成功爬取: MatchVentures
2025-09-13 11:00:05,141 - INFO - ✅ 成功爬取: Rumblets GO
2025-09-13 11:00:05,141 - INFO - ✅ 成功爬取: Cell to Singularity: Mesozoic Valley
2025-09-13 11:00:06,651 - INFO - ✅ 成功爬取: Simply Prop Hunt
2025-09-13 11:00:06,729 - INFO - ✅ 成功爬取: EvoWars.io
2025-09-13 11:00:07,724 - INFO - ✅ 成功爬取: Space Waves
2025-09-13 11:00:08,071 - INFO - ✅ 成功爬取: Bit Gun.io
2025-09-13 11:00:08,404 - INFO - ✅ 成功爬取: Escape From Prison Multiplayer
2025-09-13 11:00:08,484 - INFO - ✅ 成功爬取: Holey.io Battle Royale
2025-09-13 11:00:10,174 - INFO - ✅ 成功爬取: Escape From Pizzeria
2025-09-13 11:00:10,273 - INFO - ✅ 成功爬取: Crazy Miners
2025-09-13 11:00:10,805 - INFO - ✅ 成功爬取: Crazy Dummy Swing Multiplayer
2025-09-13 11:00:11,012 - INFO - ✅ 成功爬取: Make Up Hole
2025-09-13 11:00:11,012 - INFO - ✅ 成功爬取: Cubes 2048.io
2025-09-13 11:00:11,978 - INFO - ✅ 成功爬取: Demon Smasher
2025-09-13 11:00:12,178 - INFO - ✅ 成功爬取: She is Mad
2025-09-13 11:00:13,301 - INFO - ✅ 成功爬取: Twerk Race 3d - Fun Run Game!
2025-09-13 11:00:13,487 - INFO - ✅ 成功爬取: The Farmers
2025-09-13 11:00:14,052 - INFO - ✅ 成功爬取: Millionaire Life
2025-09-13 11:00:14,889 - INFO - ✅ 成功爬取: KiKi World
2025-09-13 11:00:15,122 - INFO - ✅ 成功爬取: Mysterious Elevator
2025-09-13 11:00:15,495 - INFO - ✅ 成功爬取: Field Master
2025-09-13 11:00:15,648 - INFO - ✅ 成功爬取: Noob: Space Escape!
2025-09-13 11:00:16,103 - INFO - ✅ 成功爬取: Jet Bouncer
2025-09-13 11:00:16,814 - INFO - ✅ 成功爬取: Agar.io
2025-09-13 11:00:17,582 - INFO - ✅ 成功爬取: Four Colors
2025-09-13 11:00:17,881 - INFO - ✅ 成功爬取: Shell Shockers
2025-09-13 11:00:18,090 - INFO - ✅ 成功爬取: Geometry Game
2025-09-13 11:00:18,349 - INFO - ✅ 成功爬取: Moto X3M
2025-09-13 11:00:19,101 - INFO - ✅ 成功爬取: WorldGuessr Free GeoGuessr
2025-09-13 11:00:19,658 - INFO - ✅ 成功爬取: Smash Karts
2025-09-13 11:00:19,660 - INFO - 详情页爬取完成，共获取 33 个游戏的详细信息
2025-09-13 11:00:19,667 - INFO - 详细数据已保存到 step2_detailed_games.json
2025-09-13 11:00:19,670 - INFO - ✅ 第二步完成：获取 33 个游戏的详细信息
2025-09-13 11:00:19,671 - INFO - ✅ 爬虫数据获取完成！
2025-09-13 11:00:19,672 - INFO - 📝 请使用以下命令更新数据：
2025-09-13 11:00:19,672 - INFO -    python modular_data_updater.py step2_detailed_games.json
2025-09-13 11:13:37,754 - INFO - 🚀 运行真实爬虫模式...
2025-09-13 11:13:37,755 - INFO - 第一步：爬取主页游戏信息...
2025-09-13 11:13:37,756 - INFO - 开始爬取主页，目标游戏数量: 26
2025-09-13 11:13:44,229 - INFO - 已保存调试HTML到 debug_homepage.html
2025-09-13 11:13:44,385 - INFO - 使用选择器 'a[href*="/game/"]' 找到 33 个游戏链接
2025-09-13 11:13:44,387 - INFO - 成功提取游戏 1: Rumblets GO
2025-09-13 11:13:45,703 - INFO - 成功提取游戏 2: Prison Escape.io
2025-09-13 11:13:46,608 - INFO - 成功提取游戏 3: MatchVentures
2025-09-13 11:13:47,375 - INFO - 成功提取游戏 4: Hexa Sort
2025-09-13 11:13:48,457 - INFO - 成功提取游戏 5: Cell to Singularity: Mesozoic Valley
2025-09-13 11:13:49,762 - INFO - 成功提取游戏 6: Simply Prop Hunt
2025-09-13 11:13:51,160 - INFO - 成功提取游戏 7: Space Waves
2025-09-13 11:13:52,289 - INFO - 成功提取游戏 8: Bit Gun.io
2025-09-13 11:13:53,592 - INFO - 成功提取游戏 9: EvoWars.io
2025-09-13 11:13:54,465 - INFO - 成功提取游戏 10: Escape From Prison Multiplayer
2025-09-13 11:13:55,255 - INFO - 成功提取游戏 11: Holey.io Battle Royale
2025-09-13 11:13:55,922 - INFO - 成功提取游戏 12: Escape From Pizzeria
2025-09-13 11:13:56,963 - INFO - 成功提取游戏 13: Cubes 2048.io
2025-09-13 11:13:57,629 - INFO - 成功提取游戏 14: Crazy Dummy Swing Multiplayer
2025-09-13 11:13:59,041 - INFO - 成功提取游戏 15: Crazy Miners
2025-09-13 11:13:59,547 - INFO - 成功提取游戏 16: Make Up Hole
2025-09-13 11:14:00,927 - INFO - 成功提取游戏 17: She is Mad
2025-09-13 11:14:02,277 - INFO - 成功提取游戏 18: Demon Smasher
2025-09-13 11:14:02,842 - INFO - 成功提取游戏 19: The Farmers
2025-09-13 11:14:03,498 - INFO - 成功提取游戏 20: Millionaire Life
2025-09-13 11:14:04,040 - INFO - 成功提取游戏 21: Twerk Race 3d - Fun Run Game!
2025-09-13 11:14:05,162 - INFO - 成功提取游戏 22: Field Master
2025-09-13 11:14:05,944 - INFO - 成功提取游戏 23: KiKi World
2025-09-13 11:14:06,937 - INFO - 成功提取游戏 24: Mysterious Elevator
2025-09-13 11:14:08,064 - INFO - 成功提取游戏 25: Noob: Space Escape!
2025-09-13 11:14:08,832 - INFO - 成功提取游戏 26: Jet Bouncer
2025-09-13 11:14:10,099 - INFO - 主页爬取完成，共获取 26 个游戏
2025-09-13 11:14:10,184 - INFO - 数据已保存到 step1_homepage_games.json
2025-09-13 11:14:10,196 - INFO - ✅ 第一步完成：获取 26 个游戏
2025-09-13 11:14:10,233 - INFO - 第二步：爬取游戏详细信息...
2025-09-13 11:14:10,235 - INFO - 开始爬取 26 个游戏的详细信息
2025-09-13 11:14:17,632 - INFO - ✅ 成功爬取: Rumblets GO
2025-09-13 11:14:17,730 - INFO - ✅ 成功爬取: MatchVentures
2025-09-13 11:14:17,887 - INFO - ✅ 成功爬取: Hexa Sort
2025-09-13 11:14:17,927 - INFO - ✅ 成功爬取: Prison Escape.io
2025-09-13 11:14:17,983 - INFO - ✅ 成功爬取: Cell to Singularity: Mesozoic Valley
2025-09-13 11:14:19,959 - INFO - ✅ 成功爬取: Bit Gun.io
2025-09-13 11:14:20,200 - INFO - ✅ 成功爬取: Space Waves
2025-09-13 11:14:20,457 - INFO - ✅ 成功爬取: EvoWars.io
2025-09-13 11:14:20,802 - INFO - ✅ 成功爬取: Simply Prop Hunt
2025-09-13 11:14:21,284 - INFO - ✅ 成功爬取: Escape From Prison Multiplayer
2025-09-13 11:14:22,024 - INFO - ✅ 成功爬取: Cubes 2048.io
2025-09-13 11:14:23,274 - INFO - ✅ 成功爬取: Holey.io Battle Royale
2025-09-13 11:14:23,349 - INFO - ✅ 成功爬取: Escape From Pizzeria
2025-09-13 11:14:23,839 - INFO - ✅ 成功爬取: Crazy Miners
2025-09-13 11:14:23,967 - INFO - ✅ 成功爬取: Crazy Dummy Swing Multiplayer
2025-09-13 11:14:24,279 - INFO - ✅ 成功爬取: Make Up Hole
2025-09-13 11:14:25,287 - INFO - ✅ 成功爬取: She is Mad
2025-09-13 11:14:26,567 - INFO - ✅ 成功爬取: The Farmers
2025-09-13 11:14:26,658 - INFO - ✅ 成功爬取: Demon Smasher
2025-09-13 11:14:26,816 - INFO - ✅ 成功爬取: Millionaire Life
2025-09-13 11:14:27,064 - INFO - ✅ 成功爬取: Twerk Race 3d - Fun Run Game!
2025-09-13 11:14:27,669 - INFO - ✅ 成功爬取: Field Master
2025-09-13 11:14:28,511 - INFO - ✅ 成功爬取: KiKi World
2025-09-13 11:14:29,485 - INFO - ✅ 成功爬取: Jet Bouncer
2025-09-13 11:14:30,079 - INFO - ✅ 成功爬取: Mysterious Elevator
2025-09-13 11:14:30,365 - INFO - ✅ 成功爬取: Noob: Space Escape!
2025-09-13 11:14:30,366 - INFO - 详情页爬取完成，共获取 26 个游戏的详细信息
2025-09-13 11:14:30,372 - INFO - 详细数据已保存到 step2_detailed_games.json
2025-09-13 11:14:30,373 - INFO - ✅ 第二步完成：获取 26 个游戏的详细信息
2025-09-13 11:14:30,376 - INFO - ✅ 爬虫数据获取完成！
2025-09-13 11:14:30,403 - INFO - 📝 请使用以下命令更新数据：
2025-09-13 11:14:30,404 - INFO -    python modular_data_updater.py step2_detailed_games.json
2025-09-13 12:32:35,304 - INFO - 🚀 运行真实爬虫模式...
2025-09-13 12:32:35,305 - INFO - 第一步：爬取主页游戏信息...
2025-09-13 12:32:35,306 - INFO - 开始爬取主页，目标游戏数量: 20
2025-09-13 12:32:41,967 - INFO - 已保存调试HTML到 debug_homepage.html
2025-09-13 12:32:42,141 - INFO - 使用选择器 'a[href*="/game/"]' 找到 33 个游戏链接
2025-09-13 12:32:42,144 - INFO - 成功提取游戏 1: Rumblets GO
2025-09-13 12:32:43,169 - INFO - 成功提取游戏 2: Prison Escape.io
2025-09-13 12:32:44,120 - INFO - 成功提取游戏 3: MatchVentures
2025-09-13 12:32:44,805 - INFO - 成功提取游戏 4: Hexa Sort
2025-09-13 12:32:45,628 - INFO - 成功提取游戏 5: Cell to Singularity: Mesozoic Valley
2025-09-13 12:32:46,980 - INFO - 成功提取游戏 6: Simply Prop Hunt
2025-09-13 12:32:48,214 - INFO - 成功提取游戏 7: Space Waves
2025-09-13 12:32:49,407 - INFO - 成功提取游戏 8: Bit Gun.io
2025-09-13 12:32:50,059 - INFO - 成功提取游戏 9: EvoWars.io
2025-09-13 12:32:51,076 - INFO - 成功提取游戏 10: Escape From Prison Multiplayer
2025-09-13 12:32:52,507 - INFO - 成功提取游戏 11: Holey.io Battle Royale
2025-09-13 12:32:54,006 - INFO - 成功提取游戏 12: Escape From Pizzeria
2025-09-13 12:32:55,293 - INFO - 成功提取游戏 13: Cubes 2048.io
2025-09-13 12:32:55,985 - INFO - 成功提取游戏 14: Crazy Dummy Swing Multiplayer
2025-09-13 12:32:56,938 - INFO - 成功提取游戏 15: Crazy Miners
2025-09-13 12:32:58,403 - INFO - 成功提取游戏 16: Make Up Hole
2025-09-13 12:32:59,405 - INFO - 成功提取游戏 17: She is Mad
2025-09-13 12:33:00,847 - INFO - 成功提取游戏 18: Demon Smasher
2025-09-13 12:33:01,525 - INFO - 成功提取游戏 19: The Farmers
2025-09-13 12:33:02,509 - INFO - 成功提取游戏 20: Twerk Race 3d - Fun Run Game!
2025-09-13 12:33:03,127 - INFO - 主页爬取完成，共获取 20 个游戏
2025-09-13 12:33:03,131 - INFO - 数据已保存到 step1_homepage_games.json
2025-09-13 12:33:03,136 - INFO - ✅ 第一步完成：获取 20 个游戏
2025-09-13 12:33:03,146 - INFO - 第二步：爬取游戏详细信息...
2025-09-13 12:33:03,147 - INFO - 开始爬取 20 个游戏的详细信息
2025-09-13 12:33:11,082 - INFO - ✅ 成功爬取: Hexa Sort
2025-09-13 12:33:11,253 - INFO - ✅ 成功爬取: Rumblets GO
2025-09-13 12:33:11,299 - INFO - ✅ 成功爬取: MatchVentures
2025-09-13 12:33:11,356 - INFO - ✅ 成功爬取: Cell to Singularity: Mesozoic Valley
2025-09-13 12:33:11,743 - INFO - ✅ 成功爬取: Prison Escape.io
2025-09-13 12:33:13,319 - INFO - ✅ 成功爬取: Bit Gun.io
2025-09-13 12:33:13,516 - INFO - ✅ 成功爬取: Space Waves
2025-09-13 12:33:14,046 - INFO - ✅ 成功爬取: EvoWars.io
2025-09-13 12:33:14,141 - INFO - ✅ 成功爬取: Escape From Prison Multiplayer
2025-09-13 12:33:14,352 - INFO - ✅ 成功爬取: Simply Prop Hunt
2025-09-13 12:33:15,427 - INFO - ✅ 成功爬取: Escape From Pizzeria
2025-09-13 12:33:16,243 - INFO - ✅ 成功爬取: Holey.io Battle Royale
2025-09-13 12:33:16,482 - INFO - ✅ 成功爬取: Cubes 2048.io
2025-09-13 12:33:16,553 - INFO - ✅ 成功爬取: Crazy Dummy Swing Multiplayer
2025-09-13 12:33:17,417 - INFO - ✅ 成功爬取: Crazy Miners
2025-09-13 12:33:17,739 - INFO - ✅ 成功爬取: Make Up Hole
2025-09-13 12:33:18,221 - INFO - ✅ 成功爬取: Demon Smasher
2025-09-13 12:33:18,813 - INFO - ✅ 成功爬取: The Farmers
2025-09-13 12:33:18,977 - INFO - ✅ 成功爬取: Twerk Race 3d - Fun Run Game!
2025-09-13 12:33:19,784 - INFO - ✅ 成功爬取: She is Mad
2025-09-13 12:33:19,785 - INFO - 详情页爬取完成，共获取 20 个游戏的详细信息
2025-09-13 12:33:19,790 - INFO - 详细数据已保存到 step2_detailed_games.json
2025-09-13 12:33:19,796 - INFO - ✅ 第二步完成：获取 20 个游戏的详细信息
2025-09-13 12:33:19,798 - INFO - ✅ 爬虫数据获取完成！
2025-09-13 12:33:19,799 - INFO - 📝 请使用以下命令更新数据：
2025-09-13 12:33:19,800 - INFO -    python modular_data_updater.py step2_detailed_games.json
2025-09-13 12:57:43,074 - INFO - 🚀 运行真实爬虫模式...
2025-09-13 12:57:43,075 - INFO - 第一步：爬取主页游戏信息...
2025-09-13 12:57:43,075 - INFO - 开始爬取主页，目标游戏数量: 30
2025-09-13 12:57:49,544 - INFO - 已保存调试HTML到 debug_homepage.html
2025-09-13 12:57:49,749 - INFO - 使用选择器 'a[href*="/game/"]' 找到 33 个游戏链接
2025-09-13 12:57:49,765 - INFO - 成功提取游戏 1: Rumblets GO
2025-09-13 12:57:50,413 - INFO - 成功提取游戏 2: Prison Escape.io
2025-09-13 12:57:51,028 - INFO - 成功提取游戏 3: MatchVentures
2025-09-13 12:57:51,911 - INFO - 成功提取游戏 4: Hexa Sort
2025-09-13 12:57:53,383 - INFO - 成功提取游戏 5: Cell to Singularity: Mesozoic Valley
2025-09-13 12:57:54,476 - INFO - 成功提取游戏 6: Simply Prop Hunt
2025-09-13 12:57:55,605 - INFO - 成功提取游戏 7: Space Waves
2025-09-13 12:57:56,533 - INFO - 成功提取游戏 8: Bit Gun.io
2025-09-13 12:57:57,699 - INFO - 成功提取游戏 9: EvoWars.io
2025-09-13 12:57:59,135 - INFO - 成功提取游戏 10: Escape From Prison Multiplayer
2025-09-13 12:58:00,516 - INFO - 成功提取游戏 11: Holey.io Battle Royale
2025-09-13 12:58:01,719 - INFO - 成功提取游戏 12: Escape From Pizzeria
2025-09-13 12:58:03,028 - INFO - 成功提取游戏 13: Cubes 2048.io
2025-09-13 12:58:04,061 - INFO - 成功提取游戏 14: Crazy Dummy Swing Multiplayer
2025-09-13 12:58:05,078 - INFO - 成功提取游戏 15: Crazy Miners
2025-09-13 12:58:06,361 - INFO - 成功提取游戏 16: Make Up Hole
2025-09-13 12:58:07,851 - INFO - 成功提取游戏 17: She is Mad
2025-09-13 12:58:08,657 - INFO - 成功提取游戏 18: Demon Smasher
2025-09-13 12:58:09,641 - INFO - 成功提取游戏 19: The Farmers
2025-09-13 12:58:11,121 - INFO - 成功提取游戏 20: Twerk Race 3d - Fun Run Game!
2025-09-13 12:58:12,209 - INFO - 成功提取游戏 21: Field Master
2025-09-13 12:58:12,803 - INFO - 成功提取游戏 22: Idle Transport Tycoon
2025-09-13 12:58:14,107 - INFO - 成功提取游戏 23: Take Actions
2025-09-13 12:58:15,281 - INFO - 成功提取游戏 24: Mysterious Elevator
2025-09-13 12:58:16,058 - INFO - 成功提取游戏 25: Noob: Space Escape!
2025-09-13 12:58:16,977 - INFO - 成功提取游戏 26: Jet Bouncer
2025-09-13 12:58:17,584 - INFO - 成功提取游戏 27: Shell Shockers
2025-09-13 12:58:18,333 - INFO - 成功提取游戏 28: Agar io
2025-09-13 12:58:19,066 - INFO - 成功提取游戏 29: Uno Online
2025-09-13 12:58:20,268 - INFO - 成功提取游戏 30: Geometry Dash
2025-09-13 12:58:21,243 - INFO - 主页爬取完成，共获取 30 个游戏
2025-09-13 12:58:21,247 - INFO - 数据已保存到 step1_homepage_games.json
2025-09-13 12:58:21,253 - INFO - ✅ 第一步完成：获取 30 个游戏
2025-09-13 12:58:21,254 - INFO - 第二步：爬取游戏详细信息...
2025-09-13 12:58:21,255 - INFO - 开始爬取 30 个游戏的详细信息
2025-09-13 12:58:28,845 - INFO - ✅ 成功爬取: MatchVentures
2025-09-13 12:58:29,076 - INFO - ✅ 成功爬取: Rumblets GO
2025-09-13 12:58:29,091 - INFO - ✅ 成功爬取: Cell to Singularity: Mesozoic Valley
2025-09-13 12:58:29,358 - INFO - ✅ 成功爬取: Hexa Sort
2025-09-13 12:58:29,515 - INFO - ✅ 成功爬取: Prison Escape.io
2025-09-13 12:58:30,492 - INFO - ✅ 成功爬取: Simply Prop Hunt
2025-09-13 12:58:31,617 - INFO - ✅ 成功爬取: Space Waves
2025-09-13 12:58:31,979 - INFO - ✅ 成功爬取: Holey.io Battle Royale
2025-09-13 12:58:32,339 - INFO - ✅ 成功爬取: Bit Gun.io
2025-09-13 12:58:32,461 - INFO - ✅ 成功爬取: Escape From Prison Multiplayer
2025-09-13 12:58:32,651 - INFO - ✅ 成功爬取: EvoWars.io
2025-09-13 12:58:33,452 - INFO - ✅ 成功爬取: Escape From Pizzeria
2025-09-13 12:58:34,100 - INFO - ✅ 成功爬取: Cubes 2048.io
2025-09-13 12:58:34,552 - INFO - ✅ 成功爬取: Crazy Dummy Swing Multiplayer
2025-09-13 12:58:35,050 - INFO - ✅ 成功爬取: Make Up Hole
2025-09-13 12:58:35,595 - INFO - ✅ 成功爬取: Crazy Miners
2025-09-13 12:58:35,870 - INFO - ✅ 成功爬取: She is Mad
2025-09-13 12:58:36,266 - INFO - ✅ 成功爬取: The Farmers
2025-09-13 12:58:36,531 - INFO - ✅ 成功爬取: Demon Smasher
2025-09-13 12:58:36,584 - INFO - ✅ 成功爬取: Twerk Race 3d - Fun Run Game!
2025-09-13 12:58:37,511 - INFO - ✅ 成功爬取: Field Master
2025-09-13 12:58:38,103 - INFO - ✅ 成功爬取: Take Actions
2025-09-13 12:58:39,112 - INFO - ✅ 成功爬取: Noob: Space Escape!
2025-09-13 12:58:39,342 - INFO - ✅ 成功爬取: Idle Transport Tycoon
2025-09-13 12:58:39,380 - INFO - ✅ 成功爬取: Jet Bouncer
2025-09-13 12:58:39,381 - INFO - ✅ 成功爬取: Mysterious Elevator
2025-09-13 12:58:40,049 - INFO - ✅ 成功爬取: Shell Shockers
2025-09-13 12:58:41,273 - INFO - ✅ 成功爬取: Four Colors
2025-09-13 12:58:42,239 - INFO - ✅ 成功爬取: Agar.io
2025-09-13 12:58:42,367 - INFO - ✅ 成功爬取: Geometry Game
2025-09-13 12:58:42,368 - INFO - 详情页爬取完成，共获取 30 个游戏的详细信息
2025-09-13 12:58:42,378 - INFO - 详细数据已保存到 step2_detailed_games.json
2025-09-13 12:58:42,393 - INFO - ✅ 第二步完成：获取 30 个游戏的详细信息
2025-09-13 12:58:42,413 - INFO - ✅ 爬虫数据获取完成！
2025-09-13 12:58:42,426 - INFO - 📝 请使用以下命令更新数据：
2025-09-13 12:58:42,427 - INFO -    python modular_data_updater.py step2_detailed_games.json
